
> hanyuweb@1.0.0 dev
> vite --host 127.0.0.1 --port 5173

[2m15:43:13[22m [36m[1m[vite][22m[39m [90m[2m(client)[22m[39m Re-optimizing dependencies because vite config has changed

  [32m[1mVITE[22m v8.0.13[39m  [2mready in [0m[1m279[22m[2m[0m ms[22m

  [32m➜[39m  [1mLocal[22m:   [36mhttp://127.0.0.1:[1m5173[22m/[39m
[2m[32m  ➜[39m[22m[2m  press [22m[1mh + enter[22m[2m to show help[22m
[2m16:20:14[22m [36m[1m[vite][22m[39m [90m[2m(client)[22m[39m [32mpage reload [39m[2msrc/HanZhiApp.jsx[22m
[2m16:23:41[22m [36m[1m[vite][22m[39m [90m[2m(client)[22m[39m [32mpage reload [39m[2msrc/HanZhiApp.jsx[22m
[2m16:29:26[22m [36m[1m[vite][22m[39m [90m[2m(client)[22m[39m [32mpage reload [39m[2msrc/HanZhiApp.jsx[22m
[2m17:02:04[22m [36m[1m[vite][22m[39m [90m[2m(client)[22m[39m [32mpage reload [39m[2msrc/HanZhiApp.jsx[22m
[2m17:02:26[22m [36m[1m[vite][22m[39m [90m[2m(client)[22m[39m [32mpage reload [39m[2msrc/HanZhiApp.jsx[22m
[2m17:02:44[22m [36m[1m[vite][22m[39m [90m[2m(client)[22m[39m [32mpage reload [39m[2msrc/HanZhiApp.jsx[22m
[2m17:03:07[22m [36m[1m[vite][22m[39m [90m[2m(client)[22m[39m [32mpage reload [39m[2msrc/HanZhiApp.jsx[22m
[2m17:04:01[22m [36m[1m[vite][22m[39m [90m[2m(client)[22m[39m [32mpage reload [39m[2msrc/HanZhiApp.jsx[22m
[2m17:04:21[22m [36m[1m[vite][22m[39m [90m[2m(client)[22m[39m [32mpage reload [39m[2msrc/HanZhiApp.jsx[22m
[2m17:47:29[22m [36m[1m[vite][22m[39m [90m[2m(client)[22m[39m [32mpage reload [39m[2msrc/HanZhiApp.jsx[22m
[2m17:47:41[22m [36m[1m[vite][22m[39m [90m[2m(client)[22m[39m [32mpage reload [39m[2msrc/HanZhiApp.jsx[22m
[2m17:48:02[22m [36m[1m[vite][22m[39m [90m[2m(client)[22m[39m [32mpage reload [39m[2msrc/HanZhiApp.jsx[22m
[2m17:48:20[22m [36m[1m[vite][22m[39m [90m[2m(client)[22m[39m [32mpage reload [39m[2msrc/HanZhiApp.jsx[22m
[2m17:48:31[22m [36m[1m[vite][22m[39m [90m[2m(client)[22m[39m [32mpage reload [39m[2msrc/HanZhiApp.jsx[22m
[2m17:49:00[22m [36m[1m[vite][22m[39m [90m[2m(client)[22m[39m [32mpage reload [39m[2msrc/HanZhiApp.jsx[22m
[2m17:49:16[22m [36m[1m[vite][22m[39m [90m[2m(client)[22m[39m [32mpage reload [39m[2msrc/HanZhiApp.jsx[22m
[2m17:50:10[22m [36m[1m[vite][22m[39m [90m[2m(client)[22m[39m [32mpage reload [39m[2msrc/HanZhiApp.jsx[22m
[2m17:50:48[22m [36m[1m[vite][22m[39m [90m[2m(client)[22m[39m [32mpage reload [39m[2msrc/HanZhiApp.jsx[22m
[2m17:52:44[22m [36m[1m[vite][22m[39m [90m[2m(client)[22m[39m [32mpage reload [39m[2msrc/HanZhiApp.jsx[22m
[2m17:53:00[22m [36m[1m[vite][22m[39m [90m[2m(client)[22m[39m [32mpage reload [39m[2msrc/HanZhiApp.jsx[22m
[2m18:20:24[22m [36m[1m[vite][22m[39m [90m[2m(client)[22m[39m [32mpage reload [39m[2msrc/HanZhiApp.jsx[22m
[2m18:20:35[22m [36m[1m[vite][22m[39m [90m[2m(client)[22m[39m [32mpage reload [39m[2msrc/HanZhiApp.jsx[22m
[2m18:21:53[22m [36m[1m[vite][22m[39m [90m[2m(client)[22m[39m [32mpage reload [39m[2msrc/HanZhiApp.jsx[22m
[2m18:23:07[22m [36m[1m[vite][22m[39m [90m[2m(client)[22m[39m [32mpage reload [39m[2msrc/HanZhiApp.jsx[22m
[2m18:23:24[22m [36m[1m[vite][22m[39m [90m[2m(client)[22m[39m [32mpage reload [39m[2msrc/HanZhiApp.jsx[22m
[2m18:23:36[22m [36m[1m[vite][22m[39m [90m[2m(client)[22m[39m [32mpage reload [39m[2msrc/HanZhiApp.jsx[22m
[2m18:23:47[22m [36m[1m[vite][22m[39m [90m[2m(client)[22m[39m [32mpage reload [39m[2msrc/HanZhiApp.jsx[22m
[2m18:24:12[22m [36m[1m[vite][22m[39m [90m[2m(client)[22m[39m [32mpage reload [39m[2msrc/HanZhiApp.jsx[22m
[2m18:25:06[22m [36m[1m[vite][22m[39m [90m[2m(client)[22m[39m [32mpage reload [39m[2msrc/HanZhiApp.jsx[22m
[2m18:25:42[22m [36m[1m[vite][22m[39m [90m[2m(client)[22m[39m [32mpage reload [39m[2msrc/HanZhiApp.jsx[22m
[2m18:26:30[22m [36m[1m[vite][22m[39m [90m[2m(client)[22m[39m [32mpage reload [39m[2msrc/HanZhiApp.jsx[22m
[2m18:27:44[22m [36m[1m[vite][22m[39m [90m[2m(client)[22m[39m [32mpage reload [39m[2msrc/HanZhiApp.jsx[22m
[2m18:27:58[22m [36m[1m[vite][22m[39m [90m[2m(client)[22m[39m [32mpage reload [39m[2msrc/HanZhiApp.jsx[22m
[2m18:28:13[22m [36m[1m[vite][22m[39m [90m[2m(client)[22m[39m [32mpage reload [39m[2msrc/HanZhiApp.jsx[22m
[2m18:28:32[22m [36m[1m[vite][22m[39m [90m[2m(client)[22m[39m [32mpage reload [39m[2msrc/HanZhiApp.jsx[22m
[2m18:29:00[22m [36m[1m[vite][22m[39m [90m[2m(client)[22m[39m [32mpage reload [39m[2msrc/HanZhiApp.jsx[22m
[2m18:29:35[22m [36m[1m[vite][22m[39m [90m[2m(client)[22m[39m [32mpage reload [39m[2msrc/HanZhiApp.jsx[22m
[2m18:30:17[22m [36m[1m[vite][22m[39m [90m[2m(client)[22m[39m [32mpage reload [39m[2msrc/HanZhiApp.jsx[22m
[2m18:30:25[22m [36m[1m[vite][22m[39m [90m[2m(client)[22m[39m [32mpage reload [39m[2msrc/HanZhiApp.jsx[22m
[2m18:31:21[22m [36m[1m[vite][22m[39m [90m[2m(client)[22m[39m [32mpage reload [39m[2msrc/HanZhiApp.jsx[22m
[2m18:34:15[22m [36m[1m[vite][22m[39m [90m[2m(client)[22m[39m [32mpage reload [39m[2msrc/HanZhiApp.jsx[22m
[2m18:34:30[22m [36m[1m[vite][22m[39m [90m[2m(client)[22m[39m [32mpage reload [39m[2msrc/HanZhiApp.jsx[22m
[2m18:34:38[22m [36m[1m[vite][22m[39m [90m[2m(client)[22m[39m [32mpage reload [39m[2msrc/HanZhiApp.jsx[22m
[2m18:35:23[22m [36m[1m[vite][22m[39m [90m[2m(client)[22m[39m [32mpage reload [39m[2msrc/HanZhiApp.jsx[22m
[2m18:35:42[22m [36m[1m[vite][22m[39m [90m[2m(client)[22m[39m [32mpage reload [39m[2msrc/HanZhiApp.jsx[22m
[2m18:35:57[22m [36m[1m[vite][22m[39m [90m[2m(client)[22m[39m [32mpage reload [39m[2msrc/HanZhiApp.jsx[22m
[2m18:36:48[22m [36m[1m[vite][22m[39m [90m[2m(client)[22m[39m [32mpage reload [39m[2msrc/HanZhiApp.jsx[22m
[2m18:41:39[22m [36m[1m[vite][22m[39m [90m[2m(client)[22m[39m [32mpage reload [39m[2msrc/HanZhiApp.jsx[22m
[2m19:03:34[22m [36m[1m[vite][22m[39m [90m[2m(client)[22m[39m [32mpage reload [39m[2msrc/HanZhiApp.jsx[22m
[2m19:03:44[22m [36m[1m[vite][22m[39m [90m[2m(client)[22m[39m [32mpage reload [39m[2msrc/HanZhiApp.jsx[22m
[2m19:03:56[22m [36m[1m[vite][22m[39m [90m[2m(client)[22m[39m [32mpage reload [39m[2msrc/HanZhiApp.jsx[22m
[2m19:04:49[22m [36m[1m[vite][22m[39m [90m[2m(client)[22m[39m [32mpage reload [39m[2msrc/HanZhiApp.jsx[22m
[2m19:04:57[22m [36m[1m[vite][22m[39m [90m[2m(client)[22m[39m [32mpage reload [39m[2msrc/HanZhiApp.jsx[22m
[2m19:15:28[22m [36m[1m[vite][22m[39m [90m[2m(client)[22m[39m [32mpage reload [39m[2msrc/HanZhiApp.jsx[22m
[2m19:15:35[22m [36m[1m[vite][22m[39m [90m[2m(client)[22m[39m [32mpage reload [39m[2msrc/HanZhiApp.jsx[22m
[2m19:15:56[22m [36m[1m[vite][22m[39m [90m[2m(client)[22m[39m [32mpage reload [39m[2msrc/HanZhiApp.jsx[22m
[2m19:16:14[22m [36m[1m[vite][22m[39m [90m[2m(client)[22m[39m [32mpage reload [39m[2msrc/HanZhiApp.jsx[22m
[2m19:24:14[22m [36m[1m[vite][22m[39m [90m[2m(client)[22m[39m [32mpage reload [39m[2msrc/HanZhiApp.jsx[22m
[2m19:24:32[22m [36m[1m[vite][22m[39m [90m[2m(client)[22m[39m [32mpage reload [39m[2msrc/HanZhiApp.jsx[22m
[2m19:24:52[22m [36m[1m[vite][22m[39m [90m[2m(client)[22m[39m [32mpage reload [39m[2msrc/HanZhiApp.jsx[22m
[2m19:26:16[22m [36m[1m[vite][22m[39m [90m[2m(client)[22m[39m [32mpage reload [39m[2msrc/HanZhiApp.jsx[22m
[2m19:28:41[22m [36m[1m[vite][22m[39m [90m[2m(client)[22m[39m [32mpage reload [39m[2msrc/HanZhiApp.jsx[22m
[2m19:29:08[22m [36m[1m[vite][22m[39m [90m[2m(client)[22m[39m [32mpage reload [39m[2msrc/HanZhiApp.jsx[22m
[2m20:02:58[22m [36m[1m[vite][22m[39m [90m[2m(client)[22m[39m [32mpage reload [39m[2msrc/HanZhiApp.jsx[22m
[2m20:03:21[22m [36m[1m[vite][22m[39m [90m[2m(client)[22m[39m [32mpage reload [39m[2msrc/HanZhiApp.jsx[22m
[2m20:03:48[22m [36m[1m[vite][22m[39m [90m[2m(client)[22m[39m [32mpage reload [39m[2msrc/HanZhiApp.jsx[22m
[2m20:04:31[22m [36m[1m[vite][22m[39m [90m[2m(client)[22m[39m [32mpage reload [39m[2msrc/HanZhiApp.jsx[22m
[2m20:04:43[22m [36m[1m[vite][22m[39m [90m[2m(client)[22m[39m [32mpage reload [39m[2msrc/HanZhiApp.jsx[22m
[2m20:04:58[22m [36m[1m[vite][22m[39m [90m[2m(client)[22m[39m [32mpage reload [39m[2msrc/HanZhiApp.jsx[22m
[2m20:05:36[22m [36m[1m[vite][22m[39m [90m[2m(client)[22m[39m [32mpage reload [39m[2msrc/HanZhiApp.jsx[22m
[2m20:07:07[22m [36m[1m[vite][22m[39m [90m[2m(client)[22m[39m [32mpage reload [39m[2msrc/HanZhiApp.jsx[22m
[2m20:07:24[22m [36m[1m[vite][22m[39m [90m[2m(client)[22m[39m [32mpage reload [39m[2msrc/HanZhiApp.jsx[22m
[2m20:09:53[22m [36m[1m[vite][22m[39m [90m[2m(client)[22m[39m [32mpage reload [39m[2msrc/HanZhiApp.jsx[22m
[2m20:10:31[22m [36m[1m[vite][22m[39m [90m[2m(client)[22m[39m [32mpage reload [39m[2msrc/HanZhiApp.jsx[22m
[2m20:10:41[22m [36m[1m[vite][22m[39m [90m[2m(client)[22m[39m [32mpage reload [39m[2msrc/HanZhiApp.jsx[22m
[2m20:10:52[22m [36m[1m[vite][22m[39m [90m[2m(client)[22m[39m [32mpage reload [39m[2msrc/HanZhiApp.jsx[22m
[2m20:11:02[22m [36m[1m[vite][22m[39m [90m[2m(client)[22m[39m [32mpage reload [39m[2msrc/HanZhiApp.jsx[22m
[2m20:12:03[22m [36m[1m[vite][22m[39m [90m[2m(client)[22m[39m [32mpage reload [39m[2msrc/HanZhiApp.jsx[22m
[2m20:12:19[22m [36m[1m[vite][22m[39m [90m[2m(client)[22m[39m [32mpage reload [39m[2msrc/HanZhiApp.jsx[22m
[2m20:12:50[22m [36m[1m[vite][22m[39m [90m[2m(client)[22m[39m [32mpage reload [39m[2msrc/HanZhiApp.jsx[22m
[2m20:13:00[22m [36m[1m[vite][22m[39m [90m[2m(client)[22m[39m [32mpage reload [39m[2msrc/HanZhiApp.jsx[22m
[2m20:13:15[22m [36m[1m[vite][22m[39m [90m[2m(client)[22m[39m [32mpage reload [39m[2msrc/HanZhiApp.jsx[22m
[2m20:13:36[22m [36m[1m[vite][22m[39m [90m[2m(client)[22m[39m [32mpage reload [39m[2msrc/HanZhiApp.jsx[22m
[2m20:17:08[22m [36m[1m[vite][22m[39m [90m[2m(client)[22m[39m [32mpage reload [39m[2msrc/HanZhiApp.jsx[22m
[2m13:07:42[22m [36m[1m[vite][22m[39m [90m[2m(client)[22m[39m [32mpage reload [39m[2msrc/HanZhiApp.jsx[22m
[2m13:08:44[22m [36m[1m[vite][22m[39m [90m[2m(client)[22m[39m [32mpage reload [39m[2msrc/HanZhiApp.jsx[22m
[2m13:09:37[22m [36m[1m[vite][22m[39m [90m[2m(client)[22m[39m [32mpage reload [39m[2msrc/HanZhiApp.jsx[22m
[2m13:09:56[22m [36m[1m[vite][22m[39m [90m[2m(client)[22m[39m [32mpage reload [39m[2msrc/HanZhiApp.jsx[22m
[2m13:13:58[22m [36m[1m[vite][22m[39m [90m[2m(client)[22m[39m [32mpage reload [39m[2msrc/HanZhiApp.jsx[22m
[2m13:14:07[22m [36m[1m[vite][22m[39m [90m[2m(client)[22m[39m [32mpage reload [39m[2msrc/HanZhiApp.jsx[22m
[2m13:14:14[22m [36m[1m[vite][22m[39m [90m[2m(client)[22m[39m [32mpage reload [39m[2msrc/HanZhiApp.jsx[22m
[2m13:14:35[22m [36m[1m[vite][22m[39m [90m[2m(client)[22m[39m [32mpage reload [39m[2msrc/HanZhiApp.jsx[22m
[2m13:15:56[22m [36m[1m[vite][22m[39m [90m[2m(client)[22m[39m [32mpage reload [39m[2msrc/HanZhiApp.jsx[22m
[2m13:16:12[22m [36m[1m[vite][22m[39m [90m[2m(client)[22m[39m [32mpage reload [39m[2msrc/HanZhiApp.jsx[22m
[2m13:16:59[22m [36m[1m[vite][22m[39m [90m[2m(client)[22m[39m [32mpage reload [39m[2msrc/HanZhiApp.jsx[22m
[2m13:17:33[22m [36m[1m[vite][22m[39m [90m[2m(client)[22m[39m [32mpage reload [39m[2msrc/HanZhiApp.jsx[22m
[2m13:17:46[22m [36m[1m[vite][22m[39m [90m[2m(client)[22m[39m [32mpage reload [39m[2msrc/HanZhiApp.jsx[22m
[2m13:17:54[22m [36m[1m[vite][22m[39m [90m[2m(client)[22m[39m [32mpage reload [39m[2msrc/HanZhiApp.jsx[22m
[2m13:18:06[22m [36m[1m[vite][22m[39m [90m[2m(client)[22m[39m [32mpage reload [39m[2msrc/HanZhiApp.jsx[22m
[2m13:18:50[22m [36m[1m[vite][22m[39m [90m[2m(client)[22m[39m [32mpage reload [39m[2mdata/admin_content.json[22m
[2m13:19:17[22m [36m[1m[vite][22m[39m [90m[2m(client)[22m[39m [32mpage reload [39m[2msrc/HanZhiApp.jsx[22m
[2m13:26:29[22m [36m[1m[vite][22m[39m [90m[2m(client)[22m[39m [32mpage reload [39m[2msrc/HanZhiApp.jsx[22m
[2m14:12:28[22m [36m[1m[vite][22m[39m [90m[2m(client)[22m[39m [32mpage reload [39m[2msrc/HanZhiApp.jsx[22m
[2m14:13:09[22m [36m[1m[vite][22m[39m [90m[2m(client)[22m[39m [32mpage reload [39m[2msrc/HanZhiApp.jsx[22m
[2m14:13:24[22m [36m[1m[vite][22m[39m [90m[2m(client)[22m[39m [32mpage reload [39m[2msrc/HanZhiApp.jsx[22m
[2m14:13:37[22m [36m[1m[vite][22m[39m [90m[2m(client)[22m[39m [32mpage reload [39m[2msrc/HanZhiApp.jsx[22m
[2m14:13:47[22m [36m[1m[vite][22m[39m [90m[2m(client)[22m[39m [32mpage reload [39m[2msrc/HanZhiApp.jsx[22m
[2m14:14:07[22m [36m[1m[vite][22m[39m [90m[2m(client)[22m[39m [32mpage reload [39m[2msrc/HanZhiApp.jsx[22m
[2m14:14:21[22m [36m[1m[vite][22m[39m [90m[2m(client)[22m[39m [32mpage reload [39m[2msrc/HanZhiApp.jsx[22m
[2m14:31:19[22m [36m[1m[vite][22m[39m [90m[2m(client)[22m[39m [32mpage reload [39m[2msrc/HanZhiApp.jsx[22m
[2m14:31:34[22m [36m[1m[vite][22m[39m [90m[2m(client)[22m[39m [32mpage reload [39m[2msrc/HanZhiApp.jsx[22m
[2m14:31:49[22m [36m[1m[vite][22m[39m [90m[2m(client)[22m[39m [32mpage reload [39m[2msrc/HanZhiApp.jsx[22m
[2m14:32:48[22m [36m[1m[vite][22m[39m [90m[2m(client)[22m[39m [32mpage reload [39m[2msrc/HanZhiApp.jsx[22m
[2m14:38:26[22m [36m[1m[vite][22m[39m [90m[2m(client)[22m[39m [32mpage reload [39m[2msrc/HanZhiApp.jsx[22m
[2m14:38:49[22m [36m[1m[vite][22m[39m [90m[2m(client)[22m[39m [32mpage reload [39m[2msrc/HanZhiApp.jsx[22m
[2m14:39:09[22m [36m[1m[vite][22m[39m [90m[2m(client)[22m[39m [32mpage reload [39m[2msrc/HanZhiApp.jsx[22m
[2m14:39:18[22m [36m[1m[vite][22m[39m [90m[2m(client)[22m[39m [32mpage reload [39m[2msrc/HanZhiApp.jsx[22m
[2m14:44:53[22m [36m[1m[vite][22m[39m [90m[2m(client)[22m[39m [32mpage reload [39m[2msrc/HanZhiApp.jsx[22m
[2m14:45:25[22m [36m[1m[vite][22m[39m [90m[2m(client)[22m[39m [32mpage reload [39m[2msrc/HanZhiApp.jsx[22m
[2m14:45:46[22m [36m[1m[vite][22m[39m [90m[2m(client)[22m[39m [32mpage reload [39m[2msrc/HanZhiApp.jsx[22m
[2m14:45:58[22m [36m[1m[vite][22m[39m [90m[2m(client)[22m[39m [32mpage reload [39m[2msrc/HanZhiApp.jsx[22m
[2m14:46:08[22m [36m[1m[vite][22m[39m [90m[2m(client)[22m[39m [32mpage reload [39m[2msrc/HanZhiApp.jsx[22m
[2m14:46:25[22m [36m[1m[vite][22m[39m [90m[2m(client)[22m[39m [32mpage reload [39m[2msrc/HanZhiApp.jsx[22m
[2m14:46:44[22m [36m[1m[vite][22m[39m [90m[2m(client)[22m[39m [32mpage reload [39m[2msrc/HanZhiApp.jsx[22m
[2m15:04:25[22m [36m[1m[vite][22m[39m [90m[2m(client)[22m[39m [32mpage reload [39m[2msrc/HanZhiApp.jsx[22m
[2m15:04:36[22m [36m[1m[vite][22m[39m [90m[2m(client)[22m[39m [32mpage reload [39m[2msrc/HanZhiApp.jsx[22m
[2m15:05:05[22m [36m[1m[vite][22m[39m [90m[2m(client)[22m[39m [32mpage reload [39m[2msrc/HanZhiApp.jsx[22m
[2m15:05:17[22m [36m[1m[vite][22m[39m [90m[2m(client)[22m[39m [32mpage reload [39m[2msrc/HanZhiApp.jsx[22m
[2m15:05:35[22m [36m[1m[vite][22m[39m [90m[2m(client)[22m[39m [32mpage reload [39m[2msrc/HanZhiApp.jsx[22m
[2m15:05:46[22m [36m[1m[vite][22m[39m [90m[2m(client)[22m[39m [32mpage reload [39m[2msrc/HanZhiApp.jsx[22m
[2m15:06:05[22m [36m[1m[vite][22m[39m [90m[2m(client)[22m[39m [32mpage reload [39m[2msrc/HanZhiApp.jsx[22m
[2m15:06:18[22m [36m[1m[vite][22m[39m [90m[2m(client)[22m[39m [32mpage reload [39m[2msrc/HanZhiApp.jsx[22m
[2m15:06:49[22m [36m[1m[vite][22m[39m [90m[2m(client)[22m[39m [32mpage reload [39m[2msrc/HanZhiApp.jsx[22m
[2m15:07:07[22m [36m[1m[vite][22m[39m [90m[2m(client)[22m[39m [32mpage reload [39m[2msrc/HanZhiApp.jsx[22m
[2m15:07:57[22m [36m[1m[vite][22m[39m [90m[2m(client)[22m[39m [32mpage reload [39m[2msrc/HanZhiApp.jsx[22m
[2m15:07:57[22m [31m[1m[vite][22m[39m [31m[2m(client)[22m[39m Pre-transform error: Transform failed with 1 error:

[31m[PARSE_ERROR] [0mIdentifier `englishMatch` has already been declared
      [38;5;246m╭[0m[38;5;246m─[0m[38;5;246m[[0m src/HanZhiApp.jsx:2642:11 [38;5;246m][0m
      [38;5;246m│[0m
 [38;5;246m2642 │[0m [38;5;249m [0m[38;5;249m [0m[38;5;249m [0m[38;5;249m [0m[38;5;249mc[0m[38;5;249mo[0m[38;5;249mn[0m[38;5;249ms[0m[38;5;249mt[0m[38;5;249m [0menglishMatch[38;5;249m [0m[38;5;249m=[0m[38;5;249m [0m[38;5;249mf[0m[38;5;249mi[0m[38;5;249mn[0m[38;5;249md[0m[38;5;249mE[0m[38;5;249mn[0m[38;5;249mg[0m[38;5;249ml[0m[38;5;249mi[0m[38;5;249ms[0m[38;5;249mh[0m[38;5;249mV[0m[38;5;249mo[0m[38;5;249mc[0m[38;5;249ma[0m[38;5;249mb[0m[38;5;249mu[0m[38;5;249ml[0m[38;5;249ma[0m[38;5;249mr[0m[38;5;249my[0m[38;5;249m([0m[38;5;249mt[0m[38;5;249me[0m[38;5;249mx[0m[38;5;249mt[0m[38;5;249m,[0m[38;5;249m [0m[38;5;249mv[0m[38;5;249mo[0m[38;5;249mc[0m[38;5;249ma[0m[38;5;249mb[0m[38;5;249m)[0m[38;5;249m;[0m
 [38;5;240m     │[0m           ──────┬─────  
 [38;5;240m     │[0m                 ╰─────── `englishMatch` has already been declared here
 [38;5;240m     │[0m 
 [38;5;246m2698 │[0m [38;5;249m [0m[38;5;249m [0m[38;5;249m [0m[38;5;249m [0m[38;5;249mc[0m[38;5;249mo[0m[38;5;249mn[0m[38;5;249ms[0m[38;5;249mt[0m[38;5;249m [0menglishMatch[38;5;249m [0m[38;5;249m=[0m[38;5;249m [0m[38;5;249mf[0m[38;5;249mi[0m[38;5;249mn[0m[38;5;249md[0m[38;5;249mE[0m[38;5;249mn[0m[38;5;249mg[0m[38;5;249ml[0m[38;5;249mi[0m[38;5;249ms[0m[38;5;249mh[0m[38;5;249mV[0m[38;5;249mo[0m[38;5;249mc[0m[38;5;249ma[0m[38;5;249mb[0m[38;5;249mu[0m[38;5;249ml[0m[38;5;249ma[0m[38;5;249mr[0m[38;5;249my[0m[38;5;249m([0m[38;5;249mt[0m[38;5;249me[0m[38;5;249mx[0m[38;5;249mt[0m[38;5;249m,[0m[38;5;249m [0m[38;5;249mv[0m[38;5;249mo[0m[38;5;249mc[0m[38;5;249ma[0m[38;5;249mb[0m[38;5;249m)[0m[38;5;249m;[0m
 [38;5;240m     │[0m           ──────┬─────  
 [38;5;240m     │[0m                 ╰─────── It can not be redeclared here
[38;5;246m──────╯[0m

  Plugin: [35mvite:oxc[39m
  File: [36mC:/Users/Administrator/Downloads/hanyuweb/src/HanZhiApp.jsx[39m
[2m15:07:57[22m [31m[1m[vite][22m[39m [31mInternal server error: Transform failed with 1 error:

[31m[PARSE_ERROR] [0mIdentifier `englishMatch` has already been declared
      [38;5;246m╭[0m[38;5;246m─[0m[38;5;246m[[0m src/HanZhiApp.jsx:2642:11 [38;5;246m][0m
      [38;5;246m│[0m
 [38;5;246m2642 │[0m [38;5;249m [0m[38;5;249m [0m[38;5;249m [0m[38;5;249m [0m[38;5;249mc[0m[38;5;249mo[0m[38;5;249mn[0m[38;5;249ms[0m[38;5;249mt[0m[38;5;249m [0menglishMatch[38;5;249m [0m[38;5;249m=[0m[38;5;249m [0m[38;5;249mf[0m[38;5;249mi[0m[38;5;249mn[0m[38;5;249md[0m[38;5;249mE[0m[38;5;249mn[0m[38;5;249mg[0m[38;5;249ml[0m[38;5;249mi[0m[38;5;249ms[0m[38;5;249mh[0m[38;5;249mV[0m[38;5;249mo[0m[38;5;249mc[0m[38;5;249ma[0m[38;5;249mb[0m[38;5;249mu[0m[38;5;249ml[0m[38;5;249ma[0m[38;5;249mr[0m[38;5;249my[0m[38;5;249m([0m[38;5;249mt[0m[38;5;249me[0m[38;5;249mx[0m[38;5;249mt[0m[38;5;249m,[0m[38;5;249m [0m[38;5;249mv[0m[38;5;249mo[0m[38;5;249mc[0m[38;5;249ma[0m[38;5;249mb[0m[38;5;249m)[0m[38;5;249m;[0m
 [38;5;240m     │[0m           ──────┬─────  
 [38;5;240m     │[0m                 ╰─────── `englishMatch` has already been declared here
 [38;5;240m     │[0m 
 [38;5;246m2698 │[0m [38;5;249m [0m[38;5;249m [0m[38;5;249m [0m[38;5;249m [0m[38;5;249mc[0m[38;5;249mo[0m[38;5;249mn[0m[38;5;249ms[0m[38;5;249mt[0m[38;5;249m [0menglishMatch[38;5;249m [0m[38;5;249m=[0m[38;5;249m [0m[38;5;249mf[0m[38;5;249mi[0m[38;5;249mn[0m[38;5;249md[0m[38;5;249mE[0m[38;5;249mn[0m[38;5;249mg[0m[38;5;249ml[0m[38;5;249mi[0m[38;5;249ms[0m[38;5;249mh[0m[38;5;249mV[0m[38;5;249mo[0m[38;5;249mc[0m[38;5;249ma[0m[38;5;249mb[0m[38;5;249mu[0m[38;5;249ml[0m[38;5;249ma[0m[38;5;249mr[0m[38;5;249my[0m[38;5;249m([0m[38;5;249mt[0m[38;5;249me[0m[38;5;249mx[0m[38;5;249mt[0m[38;5;249m,[0m[38;5;249m [0m[38;5;249mv[0m[38;5;249mo[0m[38;5;249mc[0m[38;5;249ma[0m[38;5;249mb[0m[38;5;249m)[0m[38;5;249m;[0m
 [38;5;240m     │[0m           ──────┬─────  
 [38;5;240m     │[0m                 ╰─────── It can not be redeclared here
[38;5;246m──────╯[0m
[39m
  Plugin: [35mvite:oxc[39m
  File: [36mC:/Users/Administrator/Downloads/hanyuweb/src/HanZhiApp.jsx[39m
      at transformWithOxc (file:///C:/Users/Administrator/Downloads/hanyuweb/node_modules/vite/dist/node/chunks/node.js:3339:19)
      at TransformPluginContext.transform (file:///C:/Users/Administrator/Downloads/hanyuweb/node_modules/vite/dist/node/chunks/node.js:3410:26)
      at EnvironmentPluginContainer.transform (file:///C:/Users/Administrator/Downloads/hanyuweb/node_modules/vite/dist/node/chunks/node.js:30271:51)
      at async loadAndTransform (file:///C:/Users/Administrator/Downloads/hanyuweb/node_modules/vite/dist/node/chunks/node.js:24532:26)
      at async viteTransformMiddleware (file:///C:/Users/Administrator/Downloads/hanyuweb/node_modules/vite/dist/node/chunks/node.js:24326:20)
[2m15:08:43[22m [31m[1m[vite][22m[39m [31mInternal server error: Transform failed with 1 error:

[31m[PARSE_ERROR] [0mIdentifier `englishMatch` has already been declared
      [38;5;246m╭[0m[38;5;246m─[0m[38;5;246m[[0m src/HanZhiApp.jsx:2642:11 [38;5;246m][0m
      [38;5;246m│[0m
 [38;5;246m2642 │[0m [38;5;249m [0m[38;5;249m [0m[38;5;249m [0m[38;5;249m [0m[38;5;249mc[0m[38;5;249mo[0m[38;5;249mn[0m[38;5;249ms[0m[38;5;249mt[0m[38;5;249m [0menglishMatch[38;5;249m [0m[38;5;249m=[0m[38;5;249m [0m[38;5;249mf[0m[38;5;249mi[0m[38;5;249mn[0m[38;5;249md[0m[38;5;249mE[0m[38;5;249mn[0m[38;5;249mg[0m[38;5;249ml[0m[38;5;249mi[0m[38;5;249ms[0m[38;5;249mh[0m[38;5;249mV[0m[38;5;249mo[0m[38;5;249mc[0m[38;5;249ma[0m[38;5;249mb[0m[38;5;249mu[0m[38;5;249ml[0m[38;5;249ma[0m[38;5;249mr[0m[38;5;249my[0m[38;5;249m([0m[38;5;249mt[0m[38;5;249me[0m[38;5;249mx[0m[38;5;249mt[0m[38;5;249m,[0m[38;5;249m [0m[38;5;249mv[0m[38;5;249mo[0m[38;5;249mc[0m[38;5;249ma[0m[38;5;249mb[0m[38;5;249m)[0m[38;5;249m;[0m
 [38;5;240m     │[0m           ──────┬─────  
 [38;5;240m     │[0m                 ╰─────── `englishMatch` has already been declared here
 [38;5;240m     │[0m 
 [38;5;246m2698 │[0m [38;5;249m [0m[38;5;249m [0m[38;5;249m [0m[38;5;249m [0m[38;5;249mc[0m[38;5;249mo[0m[38;5;249mn[0m[38;5;249ms[0m[38;5;249mt[0m[38;5;249m [0menglishMatch[38;5;249m [0m[38;5;249m=[0m[38;5;249m [0m[38;5;249mf[0m[38;5;249mi[0m[38;5;249mn[0m[38;5;249md[0m[38;5;249mE[0m[38;5;249mn[0m[38;5;249mg[0m[38;5;249ml[0m[38;5;249mi[0m[38;5;249ms[0m[38;5;249mh[0m[38;5;249mV[0m[38;5;249mo[0m[38;5;249mc[0m[38;5;249ma[0m[38;5;249mb[0m[38;5;249mu[0m[38;5;249ml[0m[38;5;249ma[0m[38;5;249mr[0m[38;5;249my[0m[38;5;249m([0m[38;5;249mt[0m[38;5;249me[0m[38;5;249mx[0m[38;5;249mt[0m[38;5;249m,[0m[38;5;249m [0m[38;5;249mv[0m[38;5;249mo[0m[38;5;249mc[0m[38;5;249ma[0m[38;5;249mb[0m[38;5;249m)[0m[38;5;249m;[0m
 [38;5;240m     │[0m           ──────┬─────  
 [38;5;240m     │[0m                 ╰─────── It can not be redeclared here
[38;5;246m──────╯[0m
[39m
  Plugin: [35mvite:oxc[39m
  File: [36mC:/Users/Administrator/Downloads/hanyuweb/src/HanZhiApp.jsx[39m
      at transformWithOxc (file:///C:/Users/Administrator/Downloads/hanyuweb/node_modules/vite/dist/node/chunks/node.js:3339:19)
      at TransformPluginContext.transform (file:///C:/Users/Administrator/Downloads/hanyuweb/node_modules/vite/dist/node/chunks/node.js:3410:26)
      at EnvironmentPluginContainer.transform (file:///C:/Users/Administrator/Downloads/hanyuweb/node_modules/vite/dist/node/chunks/node.js:30271:51)
      at async loadAndTransform (file:///C:/Users/Administrator/Downloads/hanyuweb/node_modules/vite/dist/node/chunks/node.js:24532:26)
      at async viteTransformMiddleware (file:///C:/Users/Administrator/Downloads/hanyuweb/node_modules/vite/dist/node/chunks/node.js:24326:20)
[2m15:08:51[22m [36m[1m[vite][22m[39m [90m[2m(client)[22m[39m [32mpage reload [39m[2msrc/HanZhiApp.jsx[22m
[2m15:08:57[22m [31m[1m[vite][22m[39m [31m[2m(client)[22m[39m [31m[Unhandled error] [1mReferenceError[22m: quiz is not defined
[39m > Tutor src/HanZhiApp.jsx:2791:171
    2789 |          </div>
    2790 |          <div style={{ display: "flex", gap: 10, padding: 16, borderTop: "1px solid rgba(212,175,55,.12)" }}>
    2791 |  ...n={(event) => event.key === "Enter" && send()} placeholder={quiz ? "Answer the quiz question..." : "Ask about gram...
         |                                                                 ^
    2792 |            <button className="hz-red-btn" disabled={loading} style={{ opacity: loading ? 0.55 : 1 }} onClick={() => se...
    2793 |          </div>
 > Object.react_stack_bottom_frame node_modules/react-dom/cjs/react-dom-client.development.js:25904:19
 > renderWithHooks node_modules/react-dom/cjs/react-dom-client.development.js:7662:21
 > updateFunctionComponent node_modules/react-dom/cjs/react-dom-client.development.js:10166:18
 > beginWork node_modules/react-dom/cjs/react-dom-client.development.js:11778:17
 > runWithFiberInDEV node_modules/react-dom/cjs/react-dom-client.development.js:871:29
 > performUnitOfWork node_modules/react-dom/cjs/react-dom-client.development.js:17641:21
 > workLoopSync node_modules/react-dom/cjs/react-dom-client.development.js:17469:40
 > renderRootSync node_modules/react-dom/cjs/react-dom-client.development.js:17450:10
 > performWorkOnRoot node_modules/react-dom/cjs/react-dom-client.development.js:16583:34

[2m15:08:57[22m [33m[1m[vite][22m[39m [33m[2m(client)[22m[39m [2m[console.warn] [22mAn error occurred in the <Tutor> component.

Consider adding an error boundary to your tree to customize error handling behavior.
Visit https://react.dev/link/error-boundaries to learn more about error boundaries.

[2m15:09:26[22m [36m[1m[vite][22m[39m [90m[2m(client)[22m[39m [32mpage reload [39m[2msrc/HanZhiApp.jsx[22m
[2m15:09:33[22m [31m[1m[vite][22m[39m [31m[2m(client)[22m[39m [31m[Unhandled error] [1mReferenceError[22m: quiz is not defined
[39m > Tutor src/HanZhiApp.jsx:2822:171
    2820 |          </div>
    2821 |          <div style={{ display: "flex", gap: 10, padding: 16, borderTop: "1px solid rgba(212,175,55,.12)" }}>
    2822 |  ...n={(event) => event.key === "Enter" && send()} placeholder={quiz ? "Answer the quiz question..." : "Ask about gram...
         |                                                                 ^
    2823 |            <button className="hz-red-btn" disabled={loading} style={{ opacity: loading ? 0.55 : 1 }} onClick={() => se...
    2824 |          </div>
 > Object.react_stack_bottom_frame node_modules/react-dom/cjs/react-dom-client.development.js:25904:19
 > renderWithHooks node_modules/react-dom/cjs/react-dom-client.development.js:7662:21
 > updateFunctionComponent node_modules/react-dom/cjs/react-dom-client.development.js:10166:18
 > beginWork node_modules/react-dom/cjs/react-dom-client.development.js:11778:17
 > runWithFiberInDEV node_modules/react-dom/cjs/react-dom-client.development.js:871:29
 > performUnitOfWork node_modules/react-dom/cjs/react-dom-client.development.js:17641:21
 > workLoopSync node_modules/react-dom/cjs/react-dom-client.development.js:17469:40
 > renderRootSync node_modules/react-dom/cjs/react-dom-client.development.js:17450:10
 > performWorkOnRoot node_modules/react-dom/cjs/react-dom-client.development.js:16583:34

[2m15:09:33[22m [33m[1m[vite][22m[39m [33m[2m(client)[22m[39m [2m[console.warn] [22mAn error occurred in the <Tutor> component.

Consider adding an error boundary to your tree to customize error handling behavior.
Visit https://react.dev/link/error-boundaries to learn more about error boundaries.

[2m15:11:31[22m [31m[1m[vite][22m[39m [31m[2m(client)[22m[39m [31m[Unhandled error] [1mReferenceError[22m: quiz is not defined
[39m > Tutor src/HanZhiApp.jsx:2822:171
    2820 |          </div>
    2821 |          <div style={{ display: "flex", gap: 10, padding: 16, borderTop: "1px solid rgba(212,175,55,.12)" }}>
    2822 |  ...n={(event) => event.key === "Enter" && send()} placeholder={quiz ? "Answer the quiz question..." : "Ask about gram...
         |                                                                 ^
    2823 |            <button className="hz-red-btn" disabled={loading} style={{ opacity: loading ? 0.55 : 1 }} onClick={() => se...
    2824 |          </div>
 > Object.react_stack_bottom_frame node_modules/react-dom/cjs/react-dom-client.development.js:25904:19
 > renderWithHooks node_modules/react-dom/cjs/react-dom-client.development.js:7662:21
 > updateFunctionComponent node_modules/react-dom/cjs/react-dom-client.development.js:10166:18
 > beginWork node_modules/react-dom/cjs/react-dom-client.development.js:11778:17
 > runWithFiberInDEV node_modules/react-dom/cjs/react-dom-client.development.js:871:29
 > performUnitOfWork node_modules/react-dom/cjs/react-dom-client.development.js:17641:21
 > workLoopSync node_modules/react-dom/cjs/react-dom-client.development.js:17469:40
 > renderRootSync node_modules/react-dom/cjs/react-dom-client.development.js:17450:10
 > performWorkOnRoot node_modules/react-dom/cjs/react-dom-client.development.js:16583:34

[2m15:11:31[22m [33m[1m[vite][22m[39m [33m[2m(client)[22m[39m [2m[console.warn] [22mAn error occurred in the <Tutor> component.

Consider adding an error boundary to your tree to customize error handling behavior.
Visit https://react.dev/link/error-boundaries to learn more about error boundaries.

[2m15:11:31[22m [36m[1m[vite][22m[39m [90m[2m(client)[22m[39m [32mpage reload [39m[2msrc/HanZhiApp.jsx[22m
[2m15:16:58[22m [36m[1m[vite][22m[39m [90m[2m(client)[22m[39m [32mpage reload [39m[2msrc/HanZhiApp.jsx[22m
[2m15:17:52[22m [36m[1m[vite][22m[39m [90m[2m(client)[22m[39m [32mpage reload [39m[2msrc/HanZhiApp.jsx[22m
[2m15:18:17[22m [36m[1m[vite][22m[39m [90m[2m(client)[22m[39m [32mpage reload [39m[2msrc/HanZhiApp.jsx[22m
[2m15:18:28[22m [36m[1m[vite][22m[39m [90m[2m(client)[22m[39m [32mpage reload [39m[2msrc/HanZhiApp.jsx[22m
[2m15:18:35[22m [36m[1m[vite][22m[39m [90m[2m(client)[22m[39m [32mpage reload [39m[2msrc/HanZhiApp.jsx[22m
[2m15:18:43[22m [36m[1m[vite][22m[39m [90m[2m(client)[22m[39m [32mpage reload [39m[2msrc/HanZhiApp.jsx[22m
[2m15:19:27[22m [36m[1m[vite][22m[39m [90m[2m(client)[22m[39m [32mpage reload [39m[2msrc/HanZhiApp.jsx[22m
[2m15:19:42[22m [36m[1m[vite][22m[39m [90m[2m(client)[22m[39m [32mpage reload [39m[2msrc/HanZhiApp.jsx[22m
[2m15:22:15[22m [36m[1m[vite][22m[39m [90m[2m(client)[22m[39m [32mpage reload [39m[2msrc/HanZhiApp.jsx[22m
[2m15:22:26[22m [36m[1m[vite][22m[39m [90m[2m(client)[22m[39m [32mpage reload [39m[2msrc/HanZhiApp.jsx[22m
[2m15:22:35[22m [36m[1m[vite][22m[39m [90m[2m(client)[22m[39m [32mpage reload [39m[2msrc/HanZhiApp.jsx[22m
[2m15:22:50[22m [36m[1m[vite][22m[39m [90m[2m(client)[22m[39m [32mpage reload [39m[2msrc/HanZhiApp.jsx[22m
[2m15:23:23[22m [36m[1m[vite][22m[39m [90m[2m(client)[22m[39m [32mpage reload [39m[2msrc/HanZhiApp.jsx[22m
[2m15:33:08[22m [36m[1m[vite][22m[39m [90m[2m(client)[22m[39m [32mpage reload [39m[2msrc/HanZhiApp.jsx[22m
[2m15:33:17[22m [36m[1m[vite][22m[39m [90m[2m(client)[22m[39m [32mpage reload [39m[2msrc/HanZhiApp.jsx[22m
[2m15:33:25[22m [36m[1m[vite][22m[39m [90m[2m(client)[22m[39m [32mpage reload [39m[2msrc/HanZhiApp.jsx[22m
[2m15:36:37[22m [36m[1m[vite][22m[39m [90m[2m(client)[22m[39m [32mpage reload [39m[2msrc/HanZhiApp.jsx[22m
[2m15:36:54[22m [36m[1m[vite][22m[39m [90m[2m(client)[22m[39m [32mpage reload [39m[2msrc/HanZhiApp.jsx[22m
[2m15:37:04[22m [36m[1m[vite][22m[39m [90m[2m(client)[22m[39m [32mpage reload [39m[2msrc/HanZhiApp.jsx[22m
[2m15:37:22[22m [36m[1m[vite][22m[39m [90m[2m(client)[22m[39m [32mpage reload [39m[2msrc/HanZhiApp.jsx[22m
[2m15:37:42[22m [36m[1m[vite][22m[39m [90m[2m(client)[22m[39m [32mpage reload [39m[2msrc/HanZhiApp.jsx[22m
[2m15:14:01[22m [36m[1m[vite][22m[39m [90m[2m(client)[22m[39m [32mpage reload [39m[2msrc/HanZhiApp.jsx[22m
[2m15:14:20[22m [36m[1m[vite][22m[39m [90m[2m(client)[22m[39m [32mpage reload [39m[2msrc/HanZhiApp.jsx[22m
[2m15:15:36[22m [36m[1m[vite][22m[39m [90m[2m(client)[22m[39m [32mpage reload [39m[2msrc/HanZhiApp.jsx[22m
[2m15:15:47[22m [36m[1m[vite][22m[39m [90m[2m(client)[22m[39m [32mpage reload [39m[2msrc/HanZhiApp.jsx[22m
[2m15:16:02[22m [36m[1m[vite][22m[39m [90m[2m(client)[22m[39m [32mpage reload [39m[2msrc/HanZhiApp.jsx[22m
[2m15:16:14[22m [36m[1m[vite][22m[39m [90m[2m(client)[22m[39m [32mpage reload [39m[2msrc/HanZhiApp.jsx[22m
[2m15:16:56[22m [36m[1m[vite][22m[39m [90m[2m(client)[22m[39m [32mpage reload [39m[2msrc/HanZhiApp.jsx[22m
[2m15:50:31[22m [36m[1m[vite][22m[39m [90m[2m(client)[22m[39m [32mpage reload [39m[2msrc/HanZhiApp.jsx[22m
[2m15:50:33[22m [36m[1m[vite][22m[39m [90m[2m(client)[22m[39m [32m✨ new dependencies optimized: [33m@supabase/supabase-js[32m[39m
[2m15:50:33[22m [36m[1m[vite][22m[39m [90m[2m(client)[22m[39m [32m✨ optimized dependencies changed. reloading[39m
[2m15:50:46[22m [36m[1m[vite][22m[39m [90m[2m(client)[22m[39m [32mpage reload [39m[2msrc/HanZhiApp.jsx[22m
[2m15:51:56[22m [36m[1m[vite][22m[39m [90m[2m(client)[22m[39m [32mpage reload [39m[2msrc/HanZhiApp.jsx[22m
[2m15:52:14[22m [36m[1m[vite][22m[39m [90m[2m(client)[22m[39m [32mpage reload [39m[2msrc/HanZhiApp.jsx[22m
[2m15:52:28[22m [36m[1m[vite][22m[39m [90m[2m(client)[22m[39m [32mpage reload [39m[2msrc/HanZhiApp.jsx[22m
[2m15:52:54[22m [36m[1m[vite][22m[39m [90m[2m(client)[22m[39m [32mpage reload [39m[2msrc/HanZhiApp.jsx[22m
[2m15:53:15[22m [36m[1m[vite][22m[39m [90m[2m(client)[22m[39m [32mpage reload [39m[2msrc/HanZhiApp.jsx[22m
[2m15:56:12[22m [36m[1m[vite][22m[39m [90m[2m(client)[22m[39m [32mpage reload [39m[2msrc/HanZhiApp.jsx[22m
[2m15:56:38[22m [36m[1m[vite][22m[39m [90m[2m(client)[22m[39m [32mpage reload [39m[2msrc/HanZhiApp.jsx[22m
[2m15:56:58[22m [36m[1m[vite][22m[39m [90m[2m(client)[22m[39m [32mpage reload [39m[2msrc/HanZhiApp.jsx[22m
[2m15:57:07[22m [36m[1m[vite][22m[39m [90m[2m(client)[22m[39m [32mpage reload [39m[2msrc/HanZhiApp.jsx[22m
[2m16:09:20[22m [36m[1m[vite][22m[39m [32m.env changed, restarting server...[39m
[2m16:09:20[22m [36m[1m[vite][22m[39m [90m[2m(client)[22m[39m Re-optimizing dependencies because vite config has changed
[2m16:09:20[22m [36m[1m[vite][22m[39m server restarted.
[2m16:18:03[22m [36m[1m[vite][22m[39m [32mvite.config.js changed, restarting server...[39m
[2m16:18:03[22m [36m[1m[vite][22m[39m [90m[2m(client)[22m[39m Re-optimizing dependencies because vite config has changed
[2m16:18:03[22m [36m[1m[vite][22m[39m server restarted.
[2m16:18:14[22m [36m[1m[vite][22m[39m [90m[2m(client)[22m[39m [32mhmr update [39m[2m/src/HanZhiApp.jsx[22m
[2m16:18:14[22m [33m[1m[vite][22m[39m [33m[2m(client)[22m[39m [2m[console.warn] [22mGoTrueClient@sb-ecyzkfmrfvssobhmqnao-auth-token:1 (2.106.1) 2026-05-24T08:18:14.882Z Multiple GoTrueClient instances detected in the same browser context. It is not an error, but this should be avoided as it may produce undefined behavior when used concurrently under the same storage key.
[2m16:28:10[22m [36m[1m[vite][22m[39m [90m[2m(client)[22m[39m [32mhmr update [39m[2m/src/HanZhiApp.jsx[22m
[2m16:28:10[22m [33m[1m[vite][22m[39m [33m[2m(client)[22m[39m [2m[console.warn] [22mGoTrueClient@sb-ecyzkfmrfvssobhmqnao-auth-token:2 (2.106.1) 2026-05-24T08:28:10.928Z Multiple GoTrueClient instances detected in the same browser context. It is not an error, but this should be avoided as it may produce undefined behavior when used concurrently under the same storage key.
[2m16:28:23[22m [36m[1m[vite][22m[39m [90m[2m(client)[22m[39m [32mhmr update [39m[2m/src/HanZhiApp.jsx[22m
[2m16:28:23[22m [33m[1m[vite][22m[39m [33m[2m(client)[22m[39m [2m[console.warn] [22mGoTrueClient@sb-ecyzkfmrfvssobhmqnao-auth-token:3 (2.106.1) 2026-05-24T08:28:23.687Z Multiple GoTrueClient instances detected in the same browser context. It is not an error, but this should be avoided as it may produce undefined behavior when used concurrently under the same storage key.
[2m16:28:40[22m [36m[1m[vite][22m[39m [90m[2m(client)[22m[39m [32mhmr update [39m[2m/src/HanZhiApp.jsx[22m
[2m16:28:41[22m [33m[1m[vite][22m[39m [33m[2m(client)[22m[39m [2m[console.warn] [22mGoTrueClient@sb-ecyzkfmrfvssobhmqnao-auth-token:4 (2.106.1) 2026-05-24T08:28:41.034Z Multiple GoTrueClient instances detected in the same browser context. It is not an error, but this should be avoided as it may produce undefined behavior when used concurrently under the same storage key.
[2m16:30:58[22m [36m[1m[vite][22m[39m [90m[2m(client)[22m[39m [32mhmr update [39m[2m/src/HanZhiApp.jsx[22m
[2m16:31:09[22m [36m[1m[vite][22m[39m [90m[2m(client)[22m[39m [32mhmr update [39m[2m/src/HanZhiApp.jsx[22m
[2m16:31:20[22m [36m[1m[vite][22m[39m [90m[2m(client)[22m[39m [32mhmr update [39m[2m/src/HanZhiApp.jsx[22m
[2m16:31:49[22m [36m[1m[vite][22m[39m [90m[2m(client)[22m[39m [32mhmr update [39m[2m/src/HanZhiApp.jsx[22m
[2m16:57:42[22m [36m[1m[vite][22m[39m [90m[2m(client)[22m[39m [32mhmr update [39m[2m/src/HanZhiApp.jsx[22m
[2m16:57:54[22m [36m[1m[vite][22m[39m [90m[2m(client)[22m[39m [32mhmr update [39m[2m/src/HanZhiApp.jsx[22m
[2m18:43:20[22m [36m[1m[vite][22m[39m [90m[2m(client)[22m[39m [32mhmr update [39m[2m/src/HanZhiApp.jsx[22m
[2m18:43:28[22m [36m[1m[vite][22m[39m [90m[2m(client)[22m[39m [32mhmr update [39m[2m/src/HanZhiApp.jsx[22m
[2m18:44:06[22m [36m[1m[vite][22m[39m [90m[2m(client)[22m[39m [32mhmr update [39m[2m/src/HanZhiApp.jsx[22m
[2m18:44:14[22m [36m[1m[vite][22m[39m [90m[2m(client)[22m[39m [32mhmr update [39m[2m/src/HanZhiApp.jsx[22m
[2m18:44:33[22m [36m[1m[vite][22m[39m [90m[2m(client)[22m[39m [32mhmr update [39m[2m/src/HanZhiApp.jsx[22m
[2m18:46:38[22m [36m[1m[vite][22m[39m [90m[2m(client)[22m[39m [32mhmr update [39m[2m/src/HanZhiApp.jsx[22m
[2m18:47:34[22m [36m[1m[vite][22m[39m [90m[2m(client)[22m[39m [32mhmr update [39m[2m/src/HanZhiApp.jsx[22m
[2m18:47:45[22m [36m[1m[vite][22m[39m [90m[2m(client)[22m[39m [32mhmr update [39m[2m/src/HanZhiApp.jsx[22m
[2m18:47:56[22m [36m[1m[vite][22m[39m [90m[2m(client)[22m[39m [32mhmr update [39m[2m/src/HanZhiApp.jsx[22m
[2m18:49:03[22m [36m[1m[vite][22m[39m [90m[2m(client)[22m[39m [32mhmr update [39m[2m/src/HanZhiApp.jsx[22m
[2m18:49:16[22m [36m[1m[vite][22m[39m [90m[2m(client)[22m[39m [32mhmr update [39m[2m/src/HanZhiApp.jsx[22m
[2m18:52:13[22m [36m[1m[vite][22m[39m [90m[2m(client)[22m[39m [32mhmr update [39m[2m/src/HanZhiApp.jsx[22m
[2m18:55:14[22m [36m[1m[vite][22m[39m [90m[2m(client)[22m[39m [32mhmr update [39m[2m/src/HanZhiApp.jsx[22m
[2m18:55:40[22m [36m[1m[vite][22m[39m [90m[2m(client)[22m[39m [32mhmr update [39m[2m/src/HanZhiApp.jsx[22m
[2m18:56:18[22m [36m[1m[vite][22m[39m [90m[2m(client)[22m[39m [32mhmr update [39m[2m/src/HanZhiApp.jsx[22m
[2m18:56:51[22m [36m[1m[vite][22m[39m [90m[2m(client)[22m[39m [32mhmr update [39m[2m/src/HanZhiApp.jsx[22m
[2m23:47:10[22m [36m[1m[vite][22m[39m [90m[2m(client)[22m[39m [32mhmr update [39m[2m/src/HanZhiApp.jsx[22m
[2m23:47:38[22m [36m[1m[vite][22m[39m [90m[2m(client)[22m[39m [32mhmr update [39m[2m/src/HanZhiApp.jsx[22m
[2m23:48:13[22m [36m[1m[vite][22m[39m [90m[2m(client)[22m[39m [32mhmr update [39m[2m/src/HanZhiApp.jsx[22m
[2m23:48:24[22m [36m[1m[vite][22m[39m [90m[2m(client)[22m[39m [32mhmr update [39m[2m/src/HanZhiApp.jsx[22m
[2m23:49:14[22m [36m[1m[vite][22m[39m [90m[2m(client)[22m[39m [32mhmr update [39m[2m/src/HanZhiApp.jsx[22m
[2m23:49:57[22m [36m[1m[vite][22m[39m [90m[2m(client)[22m[39m [32mhmr update [39m[2m/src/HanZhiApp.jsx[22m
[2m23:51:10[22m [36m[1m[vite][22m[39m [90m[2m(client)[22m[39m [32mhmr update [39m[2m/src/HanZhiApp.jsx[22m
[2m23:51:24[22m [36m[1m[vite][22m[39m [90m[2m(client)[22m[39m [32mhmr update [39m[2m/src/HanZhiApp.jsx[22m
[2m23:51:36[22m [36m[1m[vite][22m[39m [90m[2m(client)[22m[39m [32mhmr update [39m[2m/src/HanZhiApp.jsx[22m
[2m23:51:52[22m [36m[1m[vite][22m[39m [90m[2m(client)[22m[39m [32mhmr update [39m[2m/src/HanZhiApp.jsx[22m
[2m23:52:10[22m [36m[1m[vite][22m[39m [90m[2m(client)[22m[39m [32mhmr update [39m[2m/src/HanZhiApp.jsx[22m
[2m23:58:07[22m [36m[1m[vite][22m[39m [90m[2m(client)[22m[39m [32mhmr update [39m[2m/src/HanZhiApp.jsx[22m
[2m23:58:19[22m [36m[1m[vite][22m[39m [90m[2m(client)[22m[39m [32mhmr update [39m[2m/src/HanZhiApp.jsx[22m
[2m23:58:31[22m [36m[1m[vite][22m[39m [90m[2m(client)[22m[39m [32mhmr update [39m[2m/src/HanZhiApp.jsx[22m
[2m23:59:04[22m [36m[1m[vite][22m[39m [90m[2m(client)[22m[39m [32mhmr update [39m[2m/src/HanZhiApp.jsx[22m
[2m00:00:30[22m [36m[1m[vite][22m[39m [90m[2m(client)[22m[39m [32mhmr update [39m[2m/src/HanZhiApp.jsx[22m
[2m00:00:41[22m [36m[1m[vite][22m[39m [90m[2m(client)[22m[39m [32mhmr update [39m[2m/src/HanZhiApp.jsx[22m
[2m00:16:44[22m [36m[1m[vite][22m[39m [90m[2m(client)[22m[39m [32mhmr update [39m[2m/src/HanZhiApp.jsx[22m
[2m00:16:57[22m [36m[1m[vite][22m[39m [90m[2m(client)[22m[39m [32mhmr update [39m[2m/src/HanZhiApp.jsx[22m
[2m00:17:11[22m [36m[1m[vite][22m[39m [90m[2m(client)[22m[39m [32mhmr update [39m[2m/src/HanZhiApp.jsx[22m
[2m00:17:25[22m [36m[1m[vite][22m[39m [90m[2m(client)[22m[39m [32mhmr update [39m[2m/src/HanZhiApp.jsx[22m
[2m00:19:53[22m [36m[1m[vite][22m[39m [90m[2m(client)[22m[39m [32mhmr update [39m[2m/src/HanZhiApp.jsx[22m
[2m00:20:07[22m [36m[1m[vite][22m[39m [90m[2m(client)[22m[39m [32mhmr update [39m[2m/src/HanZhiApp.jsx[22m
[2m00:20:20[22m [36m[1m[vite][22m[39m [90m[2m(client)[22m[39m [32mhmr update [39m[2m/src/HanZhiApp.jsx[22m
[2m00:20:33[22m [36m[1m[vite][22m[39m [90m[2m(client)[22m[39m [32mhmr update [39m[2m/src/HanZhiApp.jsx[22m
[2m00:24:31[22m [36m[1m[vite][22m[39m [90m[2m(client)[22m[39m [32mhmr update [39m[2m/src/HanZhiApp.jsx[22m
[2m00:25:30[22m [36m[1m[vite][22m[39m [90m[2m(client)[22m[39m [32mhmr update [39m[2m/src/HanZhiApp.jsx[22m
[2m00:26:00[22m [36m[1m[vite][22m[39m [90m[2m(client)[22m[39m [32mhmr update [39m[2m/src/HanZhiApp.jsx[22m
[2m14:35:34[22m [36m[1m[vite][22m[39m [90m[2m(client)[22m[39m [32mhmr update [39m[2m/src/HanZhiApp.jsx[22m
[2m14:36:28[22m [36m[1m[vite][22m[39m [90m[2m(client)[22m[39m [32mhmr update [39m[2m/src/HanZhiApp.jsx[22m
[2m14:36:51[22m [36m[1m[vite][22m[39m [90m[2m(client)[22m[39m [32mhmr update [39m[2m/src/HanZhiApp.jsx[22m
[2m14:37:41[22m [36m[1m[vite][22m[39m [90m[2m(client)[22m[39m [32mhmr update [39m[2m/src/HanZhiApp.jsx[22m
[2m14:37:55[22m [36m[1m[vite][22m[39m [90m[2m(client)[22m[39m [32mhmr update [39m[2m/src/HanZhiApp.jsx[22m
[2m14:38:11[22m [36m[1m[vite][22m[39m [90m[2m(client)[22m[39m [32mhmr update [39m[2m/src/HanZhiApp.jsx[22m
[2m14:38:26[22m [36m[1m[vite][22m[39m [90m[2m(client)[22m[39m [32mhmr update [39m[2m/src/HanZhiApp.jsx[22m
[2m14:38:40[22m [36m[1m[vite][22m[39m [90m[2m(client)[22m[39m [32mhmr update [39m[2m/src/HanZhiApp.jsx[22m
[2m14:38:52[22m [36m[1m[vite][22m[39m [90m[2m(client)[22m[39m [32mhmr update [39m[2m/src/HanZhiApp.jsx[22m
[2m14:39:08[22m [36m[1m[vite][22m[39m [90m[2m(client)[22m[39m [32mhmr update [39m[2m/src/HanZhiApp.jsx[22m
[2m14:53:53[22m [36m[1m[vite][22m[39m [90m[2m(client)[22m[39m [32mhmr update [39m[2m/src/HanZhiApp.jsx[22m
[2m14:54:04[22m [36m[1m[vite][22m[39m [90m[2m(client)[22m[39m [32mhmr update [39m[2m/src/HanZhiApp.jsx[22m
[2m14:58:01[22m [36m[1m[vite][22m[39m [90m[2m(client)[22m[39m [32mhmr update [39m[2m/src/HanZhiApp.jsx[22m
[2m14:58:23[22m [36m[1m[vite][22m[39m [90m[2m(client)[22m[39m [32mhmr update [39m[2m/src/HanZhiApp.jsx[22m
[2m15:00:22[22m [36m[1m[vite][22m[39m [90m[2m(client)[22m[39m [32mhmr update [39m[2m/src/HanZhiApp.jsx[22m
[2m15:18:41[22m [36m[1m[vite][22m[39m [90m[2m(client)[22m[39m [32mhmr update [39m[2m/src/HanZhiApp.jsx[22m
[2m15:19:03[22m [36m[1m[vite][22m[39m [90m[2m(client)[22m[39m [32mhmr update [39m[2m/src/HanZhiApp.jsx[22m
[2m16:14:32[22m [36m[1m[vite][22m[39m [90m[2m(client)[22m[39m [32mhmr update [39m[2m/src/HanZhiApp.jsx[22m
[2m16:15:07[22m [36m[1m[vite][22m[39m [90m[2m(client)[22m[39m [32mhmr update [39m[2m/src/HanZhiApp.jsx[22m
[2m16:15:22[22m [36m[1m[vite][22m[39m [90m[2m(client)[22m[39m [32mhmr update [39m[2m/src/HanZhiApp.jsx[22m
[2m16:15:33[22m [36m[1m[vite][22m[39m [90m[2m(client)[22m[39m [32mhmr update [39m[2m/src/HanZhiApp.jsx[22m
[2m16:15:43[22m [36m[1m[vite][22m[39m [90m[2m(client)[22m[39m [32mhmr update [39m[2m/src/HanZhiApp.jsx[22m
[2m16:16:11[22m [36m[1m[vite][22m[39m [90m[2m(client)[22m[39m [32mhmr update [39m[2m/src/HanZhiApp.jsx[22m
[2m16:16:39[22m [36m[1m[vite][22m[39m [90m[2m(client)[22m[39m [32mhmr update [39m[2m/src/HanZhiApp.jsx[22m
[2m16:17:12[22m [36m[1m[vite][22m[39m [90m[2m(client)[22m[39m [32mhmr update [39m[2m/src/HanZhiApp.jsx[22m
[2m16:17:24[22m [36m[1m[vite][22m[39m [90m[2m(client)[22m[39m [32mhmr update [39m[2m/src/HanZhiApp.jsx[22m
[2m16:17:49[22m [36m[1m[vite][22m[39m [90m[2m(client)[22m[39m [32mhmr update [39m[2m/src/HanZhiApp.jsx[22m
[2m16:18:36[22m [36m[1m[vite][22m[39m [90m[2m(client)[22m[39m [32mhmr update [39m[2m/src/HanZhiApp.jsx[22m
[2m16:19:02[22m [36m[1m[vite][22m[39m [90m[2m(client)[22m[39m [32mhmr update [39m[2m/src/HanZhiApp.jsx[22m
[2m16:19:41[22m [36m[1m[vite][22m[39m [90m[2m(client)[22m[39m [32mhmr update [39m[2m/src/HanZhiApp.jsx[22m
[2m16:19:57[22m [36m[1m[vite][22m[39m [90m[2m(client)[22m[39m [32mhmr update [39m[2m/src/HanZhiApp.jsx[22m
[2m16:20:12[22m [36m[1m[vite][22m[39m [90m[2m(client)[22m[39m [32mhmr update [39m[2m/src/HanZhiApp.jsx[22m
[2m16:20:29[22m [36m[1m[vite][22m[39m [90m[2m(client)[22m[39m [32mhmr update [39m[2m/src/HanZhiApp.jsx[22m
[2m16:21:29[22m [36m[1m[vite][22m[39m [90m[2m(client)[22m[39m [32mhmr update [39m[2m/src/HanZhiApp.jsx[22m
[2m16:21:38[22m [36m[1m[vite][22m[39m [90m[2m(client)[22m[39m [32mhmr update [39m[2m/src/HanZhiApp.jsx[22m
[2m22:44:41[22m [36m[1m[vite][22m[39m [90m[2m(client)[22m[39m [32mhmr update [39m[2m/src/HanZhiApp.jsx[22m
[2m22:44:54[22m [36m[1m[vite][22m[39m [90m[2m(client)[22m[39m [32mhmr update [39m[2m/src/HanZhiApp.jsx[22m
[2m22:45:03[22m [36m[1m[vite][22m[39m [90m[2m(client)[22m[39m [32mhmr update [39m[2m/src/HanZhiApp.jsx[22m
[2m22:45:21[22m [36m[1m[vite][22m[39m [90m[2m(client)[22m[39m [32mhmr update [39m[2m/src/HanZhiApp.jsx[22m
[2m22:46:17[22m [36m[1m[vite][22m[39m [90m[2m(client)[22m[39m [32mhmr update [39m[2m/src/HanZhiApp.jsx[22m
[2m22:46:37[22m [36m[1m[vite][22m[39m [90m[2m(client)[22m[39m [32mhmr update [39m[2m/src/HanZhiApp.jsx[22m
[2m22:51:54[22m [36m[1m[vite][22m[39m [90m[2m(client)[22m[39m [32mhmr update [39m[2m/src/HanZhiApp.jsx[22m
[2m22:52:18[22m [36m[1m[vite][22m[39m [90m[2m(client)[22m[39m [32mhmr update [39m[2m/src/HanZhiApp.jsx[22m
[2m23:00:03[22m [36m[1m[vite][22m[39m [90m[2m(client)[22m[39m [32mhmr update [39m[2m/src/HanZhiApp.jsx[22m
[2m23:00:39[22m [36m[1m[vite][22m[39m [90m[2m(client)[22m[39m [32mhmr update [39m[2m/src/HanZhiApp.jsx[22m
[2m23:06:59[22m [36m[1m[vite][22m[39m [90m[2m(client)[22m[39m [32mhmr update [39m[2m/src/HanZhiApp.jsx[22m
[2m23:07:45[22m [36m[1m[vite][22m[39m [90m[2m(client)[22m[39m [32mhmr update [39m[2m/src/HanZhiApp.jsx[22m
[2m23:08:00[22m [36m[1m[vite][22m[39m [90m[2m(client)[22m[39m [32mhmr update [39m[2m/src/HanZhiApp.jsx[22m
[2m23:08:24[22m [36m[1m[vite][22m[39m [90m[2m(client)[22m[39m [32mhmr update [39m[2m/src/HanZhiApp.jsx[22m
[2m23:08:41[22m [36m[1m[vite][22m[39m [90m[2m(client)[22m[39m [32mhmr update [39m[2m/src/HanZhiApp.jsx[22m
[2m23:09:56[22m [36m[1m[vite][22m[39m [90m[2m(client)[22m[39m [32mhmr update [39m[2m/src/HanZhiApp.jsx[22m
[2m23:10:46[22m [36m[1m[vite][22m[39m [90m[2m(client)[22m[39m [32mhmr update [39m[2m/src/HanZhiApp.jsx[22m
[2m23:11:00[22m [36m[1m[vite][22m[39m [90m[2m(client)[22m[39m [32mhmr update [39m[2m/src/HanZhiApp.jsx[22m
[2m23:11:09[22m [36m[1m[vite][22m[39m [90m[2m(client)[22m[39m [32mhmr update [39m[2m/src/HanZhiApp.jsx[22m
[2m23:11:16[22m [36m[1m[vite][22m[39m [90m[2m(client)[22m[39m [32mhmr update [39m[2m/src/HanZhiApp.jsx[22m
[2m23:11:26[22m [36m[1m[vite][22m[39m [90m[2m(client)[22m[39m [32mhmr update [39m[2m/src/HanZhiApp.jsx[22m
[2m23:11:42[22m [36m[1m[vite][22m[39m [90m[2m(client)[22m[39m [32mhmr update [39m[2m/src/HanZhiApp.jsx[22m
[2m23:11:50[22m [36m[1m[vite][22m[39m [90m[2m(client)[22m[39m [32mhmr update [39m[2m/src/HanZhiApp.jsx[22m
[2m23:18:31[22m [36m[1m[vite][22m[39m [90m[2m(client)[22m[39m [32mhmr update [39m[2m/src/HanZhiApp.jsx[22m
[2m23:18:42[22m [36m[1m[vite][22m[39m [90m[2m(client)[22m[39m [32mhmr update [39m[2m/src/HanZhiApp.jsx[22m
[2m00:18:37[22m [36m[1m[vite][22m[39m [90m[2m(client)[22m[39m [32mhmr update [39m[2m/src/HanZhiApp.jsx[22m
[2m00:19:50[22m [36m[1m[vite][22m[39m [90m[2m(client)[22m[39m [32mhmr update [39m[2m/src/HanZhiApp.jsx[22m
[2m00:20:03[22m [36m[1m[vite][22m[39m [90m[2m(client)[22m[39m [32mhmr update [39m[2m/src/HanZhiApp.jsx[22m
[2m00:25:31[22m [36m[1m[vite][22m[39m [90m[2m(client)[22m[39m [32mhmr update [39m[2m/src/HanZhiApp.jsx[22m
[2m00:26:20[22m [36m[1m[vite][22m[39m [90m[2m(client)[22m[39m [32mhmr update [39m[2m/src/HanZhiApp.jsx[22m
[2m00:26:45[22m [36m[1m[vite][22m[39m [90m[2m(client)[22m[39m [32mhmr update [39m[2m/src/HanZhiApp.jsx[22m
[2m00:26:49[22m [36m[1m[vite][22m[39m [90m[2m(client)[22m[39m [32mhmr update [39m[2m/src/HanZhiApp.jsx[22m
[2m00:26:57[22m [36m[1m[vite][22m[39m [90m[2m(client)[22m[39m [32mhmr update [39m[2m/src/HanZhiApp.jsx[22m
[2m00:39:19[22m [36m[1m[vite][22m[39m [90m[2m(client)[22m[39m [32mhmr update [39m[2m/src/HanZhiApp.jsx[22m
[2m00:39:58[22m [36m[1m[vite][22m[39m [90m[2m(client)[22m[39m [32mhmr update [39m[2m/src/HanZhiApp.jsx[22m
[2m00:40:21[22m [36m[1m[vite][22m[39m [90m[2m(client)[22m[39m [32mhmr update [39m[2m/src/HanZhiApp.jsx[22m
[2m00:40:40[22m [36m[1m[vite][22m[39m [90m[2m(client)[22m[39m [32mhmr update [39m[2m/src/HanZhiApp.jsx[22m
[2m00:40:47[22m [36m[1m[vite][22m[39m [90m[2m(client)[22m[39m [32mhmr update [39m[2m/src/HanZhiApp.jsx[22m
[2m00:40:52[22m [36m[1m[vite][22m[39m [90m[2m(client)[22m[39m [32mhmr update [39m[2m/src/HanZhiApp.jsx[22m
[2m00:55:54[22m [36m[1m[vite][22m[39m [90m[2m(client)[22m[39m [32mhmr update [39m[2m/src/HanZhiApp.jsx[22m
[2m00:56:03[22m [36m[1m[vite][22m[39m [90m[2m(client)[22m[39m [32mhmr update [39m[2m/src/HanZhiApp.jsx[22m
[2m00:56:12[22m [36m[1m[vite][22m[39m [90m[2m(client)[22m[39m [32mhmr update [39m[2m/src/HanZhiApp.jsx[22m
[2m00:56:20[22m [36m[1m[vite][22m[39m [90m[2m(client)[22m[39m [32mhmr update [39m[2m/src/HanZhiApp.jsx[22m
[2m00:57:49[22m [36m[1m[vite][22m[39m [90m[2m(client)[22m[39m [32mhmr update [39m[2m/src/HanZhiApp.jsx[22m
[2m00:58:09[22m [36m[1m[vite][22m[39m [90m[2m(client)[22m[39m [32mhmr update [39m[2m/src/HanZhiApp.jsx[22m
[2m00:58:37[22m [36m[1m[vite][22m[39m [90m[2m(client)[22m[39m [32mhmr update [39m[2m/src/HanZhiApp.jsx[22m
[2m01:03:49[22m [36m[1m[vite][22m[39m [90m[2m(client)[22m[39m [32mhmr update [39m[2m/src/HanZhiApp.jsx[22m
[2m01:04:15[22m [36m[1m[vite][22m[39m [90m[2m(client)[22m[39m [32mhmr update [39m[2m/src/HanZhiApp.jsx[22m
[2m15:14:21[22m [36m[1m[vite][22m[39m [90m[2m(client)[22m[39m [32mhmr update [39m[2m/src/HanZhiApp.jsx[22m
[2m15:15:09[22m [36m[1m[vite][22m[39m [90m[2m(client)[22m[39m [32mhmr update [39m[2m/src/HanZhiApp.jsx[22m
[2m15:15:45[22m [36m[1m[vite][22m[39m [90m[2m(client)[22m[39m [32mhmr update [39m[2m/src/HanZhiApp.jsx[22m
[2m15:17:11[22m [36m[1m[vite][22m[39m [90m[2m(client)[22m[39m [32mhmr update [39m[2m/src/HanZhiApp.jsx[22m
[2m15:26:35[22m [36m[1m[vite][22m[39m [90m[2m(client)[22m[39m [32mhmr update [39m[2m/src/HanZhiApp.jsx[22m
[2m15:30:32[22m [36m[1m[vite][22m[39m [90m[2m(client)[22m[39m [32mhmr update [39m[2m/src/HanZhiApp.jsx[22m
[2m15:30:49[22m [36m[1m[vite][22m[39m [90m[2m(client)[22m[39m [32mhmr update [39m[2m/src/HanZhiApp.jsx[22m
[2m15:31:09[22m [36m[1m[vite][22m[39m [90m[2m(client)[22m[39m [32mhmr update [39m[2m/src/HanZhiApp.jsx[22m
[2m15:31:29[22m [36m[1m[vite][22m[39m [90m[2m(client)[22m[39m [32mhmr update [39m[2m/src/HanZhiApp.jsx[22m
[2m15:32:06[22m [36m[1m[vite][22m[39m [90m[2m(client)[22m[39m [32mhmr update [39m[2m/src/HanZhiApp.jsx[22m
[2m15:32:42[22m [36m[1m[vite][22m[39m [90m[2m(client)[22m[39m [32mhmr update [39m[2m/src/HanZhiApp.jsx[22m
[2m15:33:11[22m [36m[1m[vite][22m[39m [90m[2m(client)[22m[39m [32mhmr update [39m[2m/src/HanZhiApp.jsx[22m
[2m15:37:46[22m [36m[1m[vite][22m[39m [90m[2m(client)[22m[39m [32mhmr update [39m[2m/src/HanZhiApp.jsx[22m
[2m23:24:10[22m [36m[1m[vite][22m[39m [90m[2m(client)[22m[39m [32mhmr update [39m[2m/src/HanZhiApp.jsx[22m
[2m23:24:21[22m [36m[1m[vite][22m[39m [90m[2m(client)[22m[39m [32mhmr update [39m[2m/src/HanZhiApp.jsx[22m
[2m23:25:55[22m [36m[1m[vite][22m[39m [90m[2m(client)[22m[39m [32mhmr update [39m[2m/src/HanZhiApp.jsx[22m
[2m23:26:22[22m [36m[1m[vite][22m[39m [90m[2m(client)[22m[39m [32mhmr update [39m[2m/src/HanZhiApp.jsx[22m
[2m23:27:07[22m [36m[1m[vite][22m[39m [90m[2m(client)[22m[39m [32mhmr update [39m[2m/src/HanZhiApp.jsx[22m
[2m23:28:01[22m [36m[1m[vite][22m[39m [90m[2m(client)[22m[39m [32mhmr update [39m[2m/src/HanZhiApp.jsx[22m
[2m23:29:12[22m [36m[1m[vite][22m[39m [90m[2m(client)[22m[39m [32mhmr update [39m[2m/src/HanZhiApp.jsx[22m
[2m23:29:22[22m [36m[1m[vite][22m[39m [90m[2m(client)[22m[39m [32mhmr update [39m[2m/src/HanZhiApp.jsx[22m
[2m23:30:28[22m [36m[1m[vite][22m[39m [90m[2m(client)[22m[39m [32mhmr update [39m[2m/src/HanZhiApp.jsx[22m
[2m23:31:04[22m [36m[1m[vite][22m[39m [90m[2m(client)[22m[39m [32mhmr update [39m[2m/src/HanZhiApp.jsx[22m
[2m23:32:07[22m [36m[1m[vite][22m[39m [90m[2m(client)[22m[39m [32mhmr update [39m[2m/src/HanZhiApp.jsx[22m
[2m23:32:41[22m [36m[1m[vite][22m[39m [90m[2m(client)[22m[39m [32mhmr update [39m[2m/src/HanZhiApp.jsx[22m
[2m23:32:49[22m [36m[1m[vite][22m[39m [90m[2m(client)[22m[39m [32mhmr update [39m[2m/src/HanZhiApp.jsx[22m
[2m23:33:15[22m [36m[1m[vite][22m[39m [90m[2m(client)[22m[39m [32mhmr update [39m[2m/src/HanZhiApp.jsx[22m
[2m23:33:26[22m [36m[1m[vite][22m[39m [90m[2m(client)[22m[39m [32mhmr update [39m[2m/src/HanZhiApp.jsx[22m
[2m23:33:53[22m [36m[1m[vite][22m[39m [90m[2m(client)[22m[39m [32mhmr update [39m[2m/src/HanZhiApp.jsx[22m
[2m23:34:29[22m [36m[1m[vite][22m[39m [90m[2m(client)[22m[39m [32mhmr update [39m[2m/src/HanZhiApp.jsx[22m
[2m23:34:38[22m [36m[1m[vite][22m[39m [90m[2m(client)[22m[39m [32mhmr update [39m[2m/src/HanZhiApp.jsx[22m
[2m23:34:47[22m [36m[1m[vite][22m[39m [90m[2m(client)[22m[39m [32mhmr update [39m[2m/src/HanZhiApp.jsx[22m
[2m15:57:54[22m [36m[1m[vite][22m[39m [90m[2m(client)[22m[39m [32mpage reload [39m[2mindex.html[22m
[2m15:57:55[22m [36m[1m[vite][22m[39m [90m[2m(client)[22m[39m [32mpage reload [39m[2msrc/main.jsx[22m
[2m15:57:55[22m [36m[1m[vite][22m[39m [90m[2m(client)[22m[39m [32mhmr update [39m[2m/src/HanZhiApp.jsx[22m
[2m15:57:55[22m [36m[1m[vite][22m[39m [90m[2m(client)[22m[39m [32mhmr update [39m[2m/src/HanZhiApp.jsx[22m
[2m16:01:43[22m [31m[1m[vite][22m[39m [31mInternal server error: Failed to resolve import "./AnzhiApp.jsx" from "src/main.jsx". Does the file exist?[39m
  Plugin: [35mvite:import-analysis[39m
  File: [36mC:/Users/Administrator/Downloads/hanyuweb/src/main.jsx[39m:3:21
[33m  1  |  import React from "react";
  2  |  import { createRoot } from "react-dom/client";
  3  |  import AnzhiApp from "./AnzhiApp.jsx";
     |                        ^
  4  |  var _jsxFileName = "C:/Users/Administrator/Downloads/hanyuweb/src/main.jsx";
  5  |  import { jsxDEV as _jsxDEV } from "react/jsx-dev-runtime";[39m
      at TransformPluginContext._formatLog (file:///C:/Users/Administrator/Downloads/hanyuweb/node_modules/vite/dist/node/chunks/node.js:30486:39)
      at TransformPluginContext.error (file:///C:/Users/Administrator/Downloads/hanyuweb/node_modules/vite/dist/node/chunks/node.js:30483:14)
      at normalizeUrl (file:///C:/Users/Administrator/Downloads/hanyuweb/node_modules/vite/dist/node/chunks/node.js:27725:18)
      at async file:///C:/Users/Administrator/Downloads/hanyuweb/node_modules/vite/dist/node/chunks/node.js:27788:30
      at async Promise.all (index 2)
      at async TransformPluginContext.transform (file:///C:/Users/Administrator/Downloads/hanyuweb/node_modules/vite/dist/node/chunks/node.js:27756:4)
      at async EnvironmentPluginContainer.transform (file:///C:/Users/Administrator/Downloads/hanyuweb/node_modules/vite/dist/node/chunks/node.js:30271:14)
      at async loadAndTransform (file:///C:/Users/Administrator/Downloads/hanyuweb/node_modules/vite/dist/node/chunks/node.js:24532:26)
[2m16:01:43[22m [31m[1m[vite][22m[39m [31m[2m(client)[22m[39m Pre-transform error: Failed to resolve import "./AnzhiApp.jsx" from "src/main.jsx". Does the file exist?
  Plugin: [35mvite:import-analysis[39m
  File: [36mC:/Users/Administrator/Downloads/hanyuweb/src/main.jsx[39m:3:21
[33m  1  |  import React from "react";
  2  |  import { createRoot } from "react-dom/client";
  3  |  import AnzhiApp from "./AnzhiApp.jsx";
     |                        ^
  4  |  var _jsxFileName = "C:/Users/Administrator/Downloads/hanyuweb/src/main.jsx";
  5  |  import { jsxDEV as _jsxDEV } from "react/jsx-dev-runtime";[39m
[2m16:02:12[22m [31m[1m[vite][22m[39m [31mInternal server error: Failed to resolve import "./AnzhiApp.jsx" from "src/main.jsx". Does the file exist?[39m
  Plugin: [35mvite:import-analysis[39m
  File: [36mC:/Users/Administrator/Downloads/hanyuweb/src/main.jsx[39m:3:21
[33m  1  |  import React from "react";
  2  |  import { createRoot } from "react-dom/client";
  3  |  import AnzhiApp from "./AnzhiApp.jsx";
     |                        ^
  4  |  var _jsxFileName = "C:/Users/Administrator/Downloads/hanyuweb/src/main.jsx";
  5  |  import { jsxDEV as _jsxDEV } from "react/jsx-dev-runtime";[39m
      at TransformPluginContext._formatLog (file:///C:/Users/Administrator/Downloads/hanyuweb/node_modules/vite/dist/node/chunks/node.js:30486:39)
      at TransformPluginContext.error (file:///C:/Users/Administrator/Downloads/hanyuweb/node_modules/vite/dist/node/chunks/node.js:30483:14)
      at normalizeUrl (file:///C:/Users/Administrator/Downloads/hanyuweb/node_modules/vite/dist/node/chunks/node.js:27725:18)
      at async file:///C:/Users/Administrator/Downloads/hanyuweb/node_modules/vite/dist/node/chunks/node.js:27788:30
      at async Promise.all (index 2)
      at async TransformPluginContext.transform (file:///C:/Users/Administrator/Downloads/hanyuweb/node_modules/vite/dist/node/chunks/node.js:27756:4)
      at async EnvironmentPluginContainer.transform (file:///C:/Users/Administrator/Downloads/hanyuweb/node_modules/vite/dist/node/chunks/node.js:30271:14)
      at async loadAndTransform (file:///C:/Users/Administrator/Downloads/hanyuweb/node_modules/vite/dist/node/chunks/node.js:24532:26)
[2m16:02:12[22m [31m[1m[vite][22m[39m [31m[2m(client)[22m[39m Pre-transform error: Failed to resolve import "./AnzhiApp.jsx" from "src/main.jsx". Does the file exist?
  Plugin: [35mvite:import-analysis[39m
  File: [36mC:/Users/Administrator/Downloads/hanyuweb/src/main.jsx[39m:3:21
[33m  1  |  import React from "react";
  2  |  import { createRoot } from "react-dom/client";
  3  |  import AnzhiApp from "./AnzhiApp.jsx";
     |                        ^
  4  |  var _jsxFileName = "C:/Users/Administrator/Downloads/hanyuweb/src/main.jsx";
  5  |  import { jsxDEV as _jsxDEV } from "react/jsx-dev-runtime";[39m
[2m16:02:52[22m [36m[1m[vite][22m[39m [90m[2m(client)[22m[39m [32mpage reload [39m[2msrc/AnZhiApp.jsx[22m
[2m16:02:52[22m [36m[1m[vite][22m[39m [90m[2m(client)[22m[39m [32mhmr update [39m[2m/src/HanZhiApp.jsx[22m
[2m16:03:33[22m [36m[1m[vite][22m[39m [90m[2m(client)[22m[39m [32mpage reload [39m[2mindex.html[22m
[2m16:03:33[22m [36m[1m[vite][22m[39m [90m[2m(client)[22m[39m [32mpage reload [39m[2msrc/main.jsx[22m
[2m16:04:13[22m [36m[1m[vite][22m[39m [90m[2m(client)[22m[39m [32mpage reload [39m[2mindex.html[22m
[2m16:04:13[22m [36m[1m[vite][22m[39m [90m[2m(client)[22m[39m [32mpage reload [39m[2msrc/main.jsx[22m
[2m16:04:13[22m [36m[1m[vite][22m[39m [90m[2m(client)[22m[39m [32mhmr update [39m[2m/src/AnZhiApp.jsx[22m
[2m16:04:13[22m [36m[1m[vite][22m[39m [90m[2m(client)[22m[39m [32mpage reload [39m[2msrc/AnZhiApp.jsx[22m
[2m16:04:13[22m [31m[1m[vite][22m[39m [31m[2m(client)[22m[39m Pre-transform error: Failed to resolve import "./HanZiApp.jsx" from "src/main.jsx". Does the file exist?
  Plugin: [35mvite:import-analysis[39m
  File: [36mC:/Users/Administrator/Downloads/hanyuweb/src/main.jsx[39m:3:21
[33m  1  |  import React from "react";
  2  |  import { createRoot } from "react-dom/client";
  3  |  import HanZiApp from "./HanZiApp.jsx";
     |                        ^
  4  |  var _jsxFileName = "C:/Users/Administrator/Downloads/hanyuweb/src/main.jsx";
  5  |  import { jsxDEV as _jsxDEV } from "react/jsx-dev-runtime";[39m
[2m16:04:13[22m [31m[1m[vite][22m[39m [31mInternal server error: Failed to resolve import "./HanZiApp.jsx" from "src/main.jsx". Does the file exist?[39m
  Plugin: [35mvite:import-analysis[39m
  File: [36mC:/Users/Administrator/Downloads/hanyuweb/src/main.jsx[39m:3:21
[33m  1  |  import React from "react";
  2  |  import { createRoot } from "react-dom/client";
  3  |  import HanZiApp from "./HanZiApp.jsx";
     |                        ^
  4  |  var _jsxFileName = "C:/Users/Administrator/Downloads/hanyuweb/src/main.jsx";
  5  |  import { jsxDEV as _jsxDEV } from "react/jsx-dev-runtime";[39m
      at TransformPluginContext._formatLog (file:///C:/Users/Administrator/Downloads/hanyuweb/node_modules/vite/dist/node/chunks/node.js:30486:39)
      at TransformPluginContext.error (file:///C:/Users/Administrator/Downloads/hanyuweb/node_modules/vite/dist/node/chunks/node.js:30483:14)
      at normalizeUrl (file:///C:/Users/Administrator/Downloads/hanyuweb/node_modules/vite/dist/node/chunks/node.js:27725:18)
      at async file:///C:/Users/Administrator/Downloads/hanyuweb/node_modules/vite/dist/node/chunks/node.js:27788:30
      at async Promise.all (index 2)
      at async TransformPluginContext.transform (file:///C:/Users/Administrator/Downloads/hanyuweb/node_modules/vite/dist/node/chunks/node.js:27756:4)
      at async EnvironmentPluginContainer.transform (file:///C:/Users/Administrator/Downloads/hanyuweb/node_modules/vite/dist/node/chunks/node.js:30271:14)
      at async loadAndTransform (file:///C:/Users/Administrator/Downloads/hanyuweb/node_modules/vite/dist/node/chunks/node.js:24532:26)
      at async viteTransformMiddleware (file:///C:/Users/Administrator/Downloads/hanyuweb/node_modules/vite/dist/node/chunks/node.js:24326:20)
[2m16:04:34[22m [36m[1m[vite][22m[39m [90m[2m(client)[22m[39m [32mpage reload [39m[2msrc/AnZhiApp.jsx[22m
[2m16:04:34[22m [31m[1m[vite][22m[39m [31m[2m(client)[22m[39m Pre-transform error: Failed to resolve import "./HanZiApp.jsx" from "src/main.jsx". Does the file exist?
  Plugin: [35mvite:import-analysis[39m
  File: [36mC:/Users/Administrator/Downloads/hanyuweb/src/main.jsx[39m:3:21
[33m  1  |  import React from "react";
  2  |  import { createRoot } from "react-dom/client";
  3  |  import HanZiApp from "./HanZiApp.jsx";
     |                        ^
  4  |  var _jsxFileName = "C:/Users/Administrator/Downloads/hanyuweb/src/main.jsx";
  5  |  import { jsxDEV as _jsxDEV } from "react/jsx-dev-runtime";[39m
[2m16:04:34[22m [31m[1m[vite][22m[39m [31mInternal server error: Failed to resolve import "./HanZiApp.jsx" from "src/main.jsx". Does the file exist?[39m
  Plugin: [35mvite:import-analysis[39m
  File: [36mC:/Users/Administrator/Downloads/hanyuweb/src/main.jsx[39m:3:21
[33m  1  |  import React from "react";
  2  |  import { createRoot } from "react-dom/client";
  3  |  import HanZiApp from "./HanZiApp.jsx";
     |                        ^
  4  |  var _jsxFileName = "C:/Users/Administrator/Downloads/hanyuweb/src/main.jsx";
  5  |  import { jsxDEV as _jsxDEV } from "react/jsx-dev-runtime";[39m
      at TransformPluginContext._formatLog (file:///C:/Users/Administrator/Downloads/hanyuweb/node_modules/vite/dist/node/chunks/node.js:30486:39)
      at TransformPluginContext.error (file:///C:/Users/Administrator/Downloads/hanyuweb/node_modules/vite/dist/node/chunks/node.js:30483:14)
      at normalizeUrl (file:///C:/Users/Administrator/Downloads/hanyuweb/node_modules/vite/dist/node/chunks/node.js:27725:18)
      at async file:///C:/Users/Administrator/Downloads/hanyuweb/node_modules/vite/dist/node/chunks/node.js:27788:30
      at async Promise.all (index 2)
      at async TransformPluginContext.transform (file:///C:/Users/Administrator/Downloads/hanyuweb/node_modules/vite/dist/node/chunks/node.js:27756:4)
      at async EnvironmentPluginContainer.transform (file:///C:/Users/Administrator/Downloads/hanyuweb/node_modules/vite/dist/node/chunks/node.js:30271:14)
      at async loadAndTransform (file:///C:/Users/Administrator/Downloads/hanyuweb/node_modules/vite/dist/node/chunks/node.js:24532:26)
      at async viteTransformMiddleware (file:///C:/Users/Administrator/Downloads/hanyuweb/node_modules/vite/dist/node/chunks/node.js:24326:20)
[2m16:04:36[22m [36m[1m[vite][22m[39m [90m[2m(client)[22m[39m [32mpage reload [39m[2msrc/HanZiApp.jsx[22m
[2m16:04:36[22m [36m[1m[vite][22m[39m [90m[2m(client)[22m[39m [32mpage reload [39m[2msrc/AnZhiApp.jsx[22m
[2m19:02:49[22m [36m[1m[vite][22m[39m [90m[2m(client)[22m[39m [32mhmr update [39m[2m/src/HanZiApp.jsx[22m
[2m19:38:47[22m [36m[1m[vite][22m[39m [90m[2m(client)[22m[39m [32mhmr update [39m[2m/src/HanZiApp.jsx[22m
[2m19:39:26[22m [36m[1m[vite][22m[39m [90m[2m(client)[22m[39m [32mhmr update [39m[2m/src/HanZiApp.jsx[22m
[2m19:39:41[22m [36m[1m[vite][22m[39m [90m[2m(client)[22m[39m [32mhmr update [39m[2m/src/HanZiApp.jsx[22m
[2m19:39:53[22m [36m[1m[vite][22m[39m [90m[2m(client)[22m[39m [32mhmr update [39m[2m/src/HanZiApp.jsx[22m
[2m19:40:04[22m [36m[1m[vite][22m[39m [90m[2m(client)[22m[39m [32mhmr update [39m[2m/src/HanZiApp.jsx[22m
[2m19:40:33[22m [36m[1m[vite][22m[39m [90m[2m(client)[22m[39m [32mhmr update [39m[2m/src/HanZiApp.jsx[22m
[2m19:41:27[22m [36m[1m[vite][22m[39m [90m[2m(client)[22m[39m [32mhmr update [39m[2m/src/HanZiApp.jsx[22m
[2m19:41:47[22m [36m[1m[vite][22m[39m [90m[2m(client)[22m[39m [32mhmr update [39m[2m/src/HanZiApp.jsx[22m
[2m19:42:28[22m [36m[1m[vite][22m[39m [90m[2m(client)[22m[39m [32mhmr update [39m[2m/src/HanZiApp.jsx[22m
[2m19:42:51[22m [36m[1m[vite][22m[39m [90m[2m(client)[22m[39m [32mhmr update [39m[2m/src/HanZiApp.jsx[22m
[2m19:43:01[22m [36m[1m[vite][22m[39m [90m[2m(client)[22m[39m [32mhmr update [39m[2m/src/HanZiApp.jsx[22m
[2m19:43:29[22m [36m[1m[vite][22m[39m [90m[2m(client)[22m[39m [32mhmr update [39m[2m/src/HanZiApp.jsx[22m
[2m19:43:48[22m [36m[1m[vite][22m[39m [90m[2m(client)[22m[39m [32mhmr update [39m[2m/src/HanZiApp.jsx[22m
[2m19:43:58[22m [36m[1m[vite][22m[39m [90m[2m(client)[22m[39m [32mhmr update [39m[2m/src/HanZiApp.jsx[22m
[2m23:27:07[22m [36m[1m[vite][22m[39m [90m[2m(client)[22m[39m [32mhmr update [39m[2m/src/HanZiApp.jsx[22m
[2m23:27:13[22m [36m[1m[vite][22m[39m [90m[2m(client)[22m[39m [32mhmr update [39m[2m/src/HanZiApp.jsx[22m
[2m23:27:21[22m [36m[1m[vite][22m[39m [90m[2m(client)[22m[39m [32mhmr update [39m[2m/src/HanZiApp.jsx[22m
[2m23:27:37[22m [36m[1m[vite][22m[39m [90m[2m(client)[22m[39m [32mhmr update [39m[2m/src/HanZiApp.jsx[22m
[2m23:27:46[22m [36m[1m[vite][22m[39m [90m[2m(client)[22m[39m [32mhmr update [39m[2m/src/HanZiApp.jsx[22m
[2m23:27:57[22m [36m[1m[vite][22m[39m [90m[2m(client)[22m[39m [32mhmr update [39m[2m/src/HanZiApp.jsx[22m
[2m18:08:30[22m [36m[1m[vite][22m[39m [90m[2m(client)[22m[39m [32mhmr update [39m[2m/src/HanZiApp.jsx[22m
[2m18:08:35[22m [36m[1m[vite][22m[39m [90m[2m(client)[22m[39m [32mhmr update [39m[2m/src/HanZiApp.jsx[22m
[2m18:08:40[22m [36m[1m[vite][22m[39m [90m[2m(client)[22m[39m [32mhmr update [39m[2m/src/HanZiApp.jsx[22m
[2m18:09:05[22m [36m[1m[vite][22m[39m [90m[2m(client)[22m[39m [32mhmr update [39m[2m/src/HanZiApp.jsx[22m
[2m18:09:16[22m [36m[1m[vite][22m[39m [90m[2m(client)[22m[39m [32mhmr update [39m[2m/src/HanZiApp.jsx[22m
[2m18:09:41[22m [36m[1m[vite][22m[39m [90m[2m(client)[22m[39m [32mhmr update [39m[2m/src/HanZiApp.jsx[22m
[2m18:09:58[22m [36m[1m[vite][22m[39m [90m[2m(client)[22m[39m [32mhmr update [39m[2m/src/HanZiApp.jsx[22m
[2m18:10:15[22m [36m[1m[vite][22m[39m [90m[2m(client)[22m[39m [32mhmr update [39m[2m/src/HanZiApp.jsx[22m
[2m18:10:35[22m [36m[1m[vite][22m[39m [90m[2m(client)[22m[39m [32mhmr update [39m[2m/src/HanZiApp.jsx[22m
[2m18:16:44[22m [36m[1m[vite][22m[39m [90m[2m(client)[22m[39m [32mhmr update [39m[2m/src/HanZiApp.jsx[22m
[2m18:16:49[22m [36m[1m[vite][22m[39m [90m[2m(client)[22m[39m [32mhmr update [39m[2m/src/HanZiApp.jsx[22m
[2m18:17:04[22m [36m[1m[vite][22m[39m [90m[2m(client)[22m[39m [32mhmr update [39m[2m/src/HanZiApp.jsx[22m
[2m18:17:22[22m [36m[1m[vite][22m[39m [90m[2m(client)[22m[39m [32mhmr update [39m[2m/src/HanZiApp.jsx[22m
[2m18:17:46[22m [36m[1m[vite][22m[39m [90m[2m(client)[22m[39m [32mhmr update [39m[2m/src/HanZiApp.jsx[22m
[2m18:18:11[22m [36m[1m[vite][22m[39m [90m[2m(client)[22m[39m [32mhmr update [39m[2m/src/HanZiApp.jsx[22m
[2m18:18:16[22m [36m[1m[vite][22m[39m [90m[2m(client)[22m[39m [32mhmr update [39m[2m/src/HanZiApp.jsx[22m
[2m18:18:22[22m [36m[1m[vite][22m[39m [90m[2m(client)[22m[39m [32mhmr update [39m[2m/src/HanZiApp.jsx[22m
[2m18:18:42[22m [36m[1m[vite][22m[39m [90m[2m(client)[22m[39m [32mhmr update [39m[2m/src/HanZiApp.jsx[22m
[2m18:18:49[22m [36m[1m[vite][22m[39m [90m[2m(client)[22m[39m [32mhmr update [39m[2m/src/HanZiApp.jsx[22m
[2m18:19:04[22m [36m[1m[vite][22m[39m [90m[2m(client)[22m[39m [32mhmr update [39m[2m/src/HanZiApp.jsx[22m
[2m18:19:18[22m [36m[1m[vite][22m[39m [90m[2m(client)[22m[39m [32mhmr update [39m[2m/src/HanZiApp.jsx[22m
[2m18:26:19[22m [36m[1m[vite][22m[39m [90m[2m(client)[22m[39m [32mhmr update [39m[2m/src/HanZiApp.jsx[22m
[2m18:26:26[22m [36m[1m[vite][22m[39m [90m[2m(client)[22m[39m [32mhmr update [39m[2m/src/HanZiApp.jsx[22m
[2m18:27:13[22m [36m[1m[vite][22m[39m [90m[2m(client)[22m[39m [32mhmr update [39m[2m/src/HanZiApp.jsx[22m
[2m18:27:34[22m [36m[1m[vite][22m[39m [90m[2m(client)[22m[39m [32mhmr update [39m[2m/src/HanZiApp.jsx[22m
[2m18:33:22[22m [36m[1m[vite][22m[39m [90m[2m(client)[22m[39m [32mhmr update [39m[2m/src/HanZiApp.jsx[22m
[2m18:33:32[22m [36m[1m[vite][22m[39m [90m[2m(client)[22m[39m [32mhmr update [39m[2m/src/HanZiApp.jsx[22m
[2m18:33:39[22m [36m[1m[vite][22m[39m [90m[2m(client)[22m[39m [32mhmr update [39m[2m/src/HanZiApp.jsx[22m
[2m18:33:49[22m [36m[1m[vite][22m[39m [90m[2m(client)[22m[39m [32mhmr update [39m[2m/src/HanZiApp.jsx[22m
[2m18:39:41[22m [36m[1m[vite][22m[39m [90m[2m(client)[22m[39m [32mhmr update [39m[2m/src/HanZiApp.jsx[22m
[2m18:39:51[22m [36m[1m[vite][22m[39m [90m[2m(client)[22m[39m [32mhmr update [39m[2m/src/HanZiApp.jsx[22m
[2m18:40:08[22m [36m[1m[vite][22m[39m [90m[2m(client)[22m[39m [32mhmr update [39m[2m/src/HanZiApp.jsx[22m
[2m18:40:13[22m [36m[1m[vite][22m[39m [90m[2m(client)[22m[39m [32mhmr update [39m[2m/src/HanZiApp.jsx[22m
[2m19:21:52[22m [36m[1m[vite][22m[39m [90m[2m(client)[22m[39m [32mhmr update [39m[2m/src/HanZiApp.jsx[22m
[2m19:22:03[22m [36m[1m[vite][22m[39m [90m[2m(client)[22m[39m [32mhmr update [39m[2m/src/HanZiApp.jsx[22m
[2m19:22:23[22m [36m[1m[vite][22m[39m [90m[2m(client)[22m[39m [32mhmr update [39m[2m/src/HanZiApp.jsx[22m
[2m19:22:31[22m [36m[1m[vite][22m[39m [90m[2m(client)[22m[39m [32mhmr update [39m[2m/src/HanZiApp.jsx[22m
[2m19:22:41[22m [36m[1m[vite][22m[39m [90m[2m(client)[22m[39m [32mhmr update [39m[2m/src/HanZiApp.jsx[22m
[2m19:23:41[22m [36m[1m[vite][22m[39m [90m[2m(client)[22m[39m [32mhmr update [39m[2m/src/HanZiApp.jsx[22m
[2m19:23:47[22m [36m[1m[vite][22m[39m [90m[2m(client)[22m[39m [32mhmr update [39m[2m/src/HanZiApp.jsx[22m
[2m19:23:59[22m [36m[1m[vite][22m[39m [90m[2m(client)[22m[39m [32mhmr update [39m[2m/src/HanZiApp.jsx[22m
[2m19:24:05[22m [36m[1m[vite][22m[39m [90m[2m(client)[22m[39m [32mhmr update [39m[2m/src/HanZiApp.jsx[22m
[2m19:24:15[22m [36m[1m[vite][22m[39m [90m[2m(client)[22m[39m [32mhmr update [39m[2m/src/HanZiApp.jsx[22m
[2m19:24:25[22m [36m[1m[vite][22m[39m [90m[2m(client)[22m[39m [32mhmr update [39m[2m/src/HanZiApp.jsx[22m
[2m19:59:52[22m [36m[1m[vite][22m[39m [90m[2m(client)[22m[39m [32mhmr update [39m[2m/src/HanZiApp.jsx[22m
[2m20:00:00[22m [36m[1m[vite][22m[39m [90m[2m(client)[22m[39m [32mhmr update [39m[2m/src/HanZiApp.jsx[22m
[2m20:00:16[22m [36m[1m[vite][22m[39m [90m[2m(client)[22m[39m [32mhmr update [39m[2m/src/HanZiApp.jsx[22m
[2m20:00:28[22m [36m[1m[vite][22m[39m [90m[2m(client)[22m[39m [32mhmr update [39m[2m/src/HanZiApp.jsx[22m
[2m20:00:39[22m [36m[1m[vite][22m[39m [90m[2m(client)[22m[39m [32mhmr update [39m[2m/src/HanZiApp.jsx[22m
[2m20:00:54[22m [36m[1m[vite][22m[39m [90m[2m(client)[22m[39m [32mhmr update [39m[2m/src/HanZiApp.jsx[22m
[2m20:01:20[22m [36m[1m[vite][22m[39m [90m[2m(client)[22m[39m [32mhmr update [39m[2m/src/HanZiApp.jsx[22m
[2m20:01:39[22m [36m[1m[vite][22m[39m [90m[2m(client)[22m[39m [32mhmr update [39m[2m/src/HanZiApp.jsx[22m
[2m20:02:09[22m [36m[1m[vite][22m[39m [90m[2m(client)[22m[39m [32mhmr update [39m[2m/src/HanZiApp.jsx[22m
[2m20:34:29[22m [36m[1m[vite][22m[39m [90m[2m(client)[22m[39m [32mhmr update [39m[2m/src/HanZiApp.jsx[22m
[2m20:34:39[22m [36m[1m[vite][22m[39m [90m[2m(client)[22m[39m [32mhmr update [39m[2m/src/HanZiApp.jsx[22m
[2m23:02:26[22m [36m[1m[vite][22m[39m [90m[2m(client)[22m[39m [32mhmr update [39m[2m/src/HanZiApp.jsx[22m
[2m23:03:24[22m [36m[1m[vite][22m[39m [90m[2m(client)[22m[39m [32mhmr update [39m[2m/src/HanZiApp.jsx[22m
[2m23:03:43[22m [36m[1m[vite][22m[39m [90m[2m(client)[22m[39m [32mhmr update [39m[2m/src/HanZiApp.jsx[22m
[2m23:03:55[22m [36m[1m[vite][22m[39m [90m[2m(client)[22m[39m [32mhmr update [39m[2m/src/HanZiApp.jsx[22m
[2m20:07:13[22m [36m[1m[vite][22m[39m [90m[2m(client)[22m[39m [32mhmr update [39m[2m/src/HanZiApp.jsx[22m
[2m20:07:13[22m [36m[1m[vite][22m[39m [90m[2m(client)[22m[39m [32mhmr update [39m[2m/src/HanZiApp.jsx[22m
[2m20:31:01[22m [36m[1m[vite][22m[39m [32m.env changed, restarting server...[39m
[2m20:31:02[22m [36m[1m[vite][22m[39m [90m[2m(client)[22m[39m Re-optimizing dependencies because vite config has changed
[2m20:31:02[22m [36m[1m[vite][22m[39m server restarted.
Terminate batch job (Y/N)? 